[2026-01-11 01:07:12] local.ERROR: Cannot declare class App\Models\FrequentlyBoughtProduct, because the name is already in use {"exception":"[object] (Symfony\\Component\\ErrorHandler\\Error\\FatalError(code: 0): Cannot declare class App\\Models\\FrequentlyBoughtProduct, because the name is already in use at G:/Laravel_projects/ta-web/app/Models/FrequentlyBroughtProduct.php:9)
[stacktrace]
#0 {main}
"} 
[2026-01-11 01:07:12] local.ERROR: Cannot declare class App\Models\FrequentlyBoughtProduct, because the name is already in use {"exception":"[object] (Symfony\\Component\\ErrorHandler\\Error\\FatalError(code: 0): Cannot declare class App\\Models\\FrequentlyBoughtProduct, because the name is already in use at G:/Laravel_projects/ta-web/app/Models/FrequentlyBroughtProduct.php:9)
[stacktrace]
#0 {main}
"} 
[2026-01-11 01:08:08] local.ERROR: Cannot declare class App\Models\FrequentlyBoughtProduct, because the name is already in use {"exception":"[object] (Symfony\\Component\\ErrorHandler\\Error\\FatalError(code: 0): Cannot declare class App\\Models\\FrequentlyBoughtProduct, because the name is already in use at G:/Laravel_projects/ta-web/app/Models/FrequentlyBroughtProduct.php:9)
[stacktrace]
#0 {main}
"} 
[2026-01-11 01:09:08] local.ERROR: Cannot declare class App\Models\FrequentlyBoughtProduct, because the name is already in use {"exception":"[object] (Symfony\\Component\\ErrorHandler\\Error\\FatalError(code: 0): Cannot declare class App\\Models\\FrequentlyBoughtProduct, because the name is already in use at G:/Laravel_projects/ta-web/app/Models/FrequentlyBroughtProduct.php:9)
[stacktrace]
#0 {main}
"} 
[2026-01-11 01:10:08] local.ERROR: Cannot declare class App\Models\FrequentlyBoughtProduct, because the name is already in use {"exception":"[object] (Symfony\\Component\\ErrorHandler\\Error\\FatalError(code: 0): Cannot declare class App\\Models\\FrequentlyBoughtProduct, because the name is already in use at G:/Laravel_projects/ta-web/app/Models/FrequentlyBroughtProduct.php:9)
[stacktrace]
#0 {main}
"} 
[2026-01-11 01:11:08] local.ERROR: Cannot declare class App\Models\FrequentlyBoughtProduct, because the name is already in use {"exception":"[object] (Symfony\\Component\\ErrorHandler\\Error\\FatalError(code: 0): Cannot declare class App\\Models\\FrequentlyBoughtProduct, because the name is already in use at G:/Laravel_projects/ta-web/app/Models/FrequentlyBroughtProduct.php:9)
[stacktrace]
#0 {main}
"} 
[2026-01-11 01:12:09] local.ERROR: Cannot declare class App\Models\FrequentlyBoughtProduct, because the name is already in use {"exception":"[object] (Symfony\\Component\\ErrorHandler\\Error\\FatalError(code: 0): Cannot declare class App\\Models\\FrequentlyBoughtProduct, because the name is already in use at G:/Laravel_projects/ta-web/app/Models/FrequentlyBroughtProduct.php:9)
[stacktrace]
#0 {main}
"} 
[2026-01-11 01:13:08] local.ERROR: Cannot declare class App\Models\FrequentlyBoughtProduct, because the name is already in use {"exception":"[object] (Symfony\\Component\\ErrorHandler\\Error\\FatalError(code: 0): Cannot declare class App\\Models\\FrequentlyBoughtProduct, because the name is already in use at G:/Laravel_projects/ta-web/app/Models/FrequentlyBroughtProduct.php:9)
[stacktrace]
#0 {main}
"} 
[2026-01-11 01:14:08] local.ERROR: Cannot declare class App\Models\FrequentlyBoughtProduct, because the name is already in use {"exception":"[object] (Symfony\\Component\\ErrorHandler\\Error\\FatalError(code: 0): Cannot declare class App\\Models\\FrequentlyBoughtProduct, because the name is already in use at G:/Laravel_projects/ta-web/app/Models/FrequentlyBroughtProduct.php:9)
[stacktrace]
#0 {main}
"} 
[2026-01-11 01:15:08] local.ERROR: Cannot declare class App\Models\FrequentlyBoughtProduct, because the name is already in use {"exception":"[object] (Symfony\\Component\\ErrorHandler\\Error\\FatalError(code: 0): Cannot declare class App\\Models\\FrequentlyBoughtProduct, because the name is already in use at G:/Laravel_projects/ta-web/app/Models/FrequentlyBroughtProduct.php:9)
[stacktrace]
#0 {main}
"} 
[2026-01-11 01:16:08] local.ERROR: Cannot declare class App\Models\FrequentlyBoughtProduct, because the name is already in use {"exception":"[object] (Symfony\\Component\\ErrorHandler\\Error\\FatalError(code: 0): Cannot declare class App\\Models\\FrequentlyBoughtProduct, because the name is already in use at G:/Laravel_projects/ta-web/app/Models/FrequentlyBroughtProduct.php:9)
[stacktrace]
#0 {main}
"} 
[2026-01-11 01:17:08] local.ERROR: Cannot declare class App\Models\FrequentlyBoughtProduct, because the name is already in use {"exception":"[object] (Symfony\\Component\\ErrorHandler\\Error\\FatalError(code: 0): Cannot declare class App\\Models\\FrequentlyBoughtProduct, because the name is already in use at G:/Laravel_projects/ta-web/app/Models/FrequentlyBroughtProduct.php:9)
[stacktrace]
#0 {main}
"} 
[2026-01-11 01:18:08] local.ERROR: Cannot declare class App\Models\FrequentlyBoughtProduct, because the name is already in use {"exception":"[object] (Symfony\\Component\\ErrorHandler\\Error\\FatalError(code: 0): Cannot declare class App\\Models\\FrequentlyBoughtProduct, because the name is already in use at G:/Laravel_projects/ta-web/app/Models/FrequentlyBroughtProduct.php:9)
[stacktrace]
#0 {main}
"} 
[2026-01-11 01:19:08] local.ERROR: Cannot declare class App\Models\FrequentlyBoughtProduct, because the name is already in use {"exception":"[object] (Symfony\\Component\\ErrorHandler\\Error\\FatalError(code: 0): Cannot declare class App\\Models\\FrequentlyBoughtProduct, because the name is already in use at G:/Laravel_projects/ta-web/app/Models/FrequentlyBroughtProduct.php:9)
[stacktrace]
#0 {main}
"} 
[2026-01-11 01:20:08] local.ERROR: Cannot declare class App\Models\FrequentlyBoughtProduct, because the name is already in use {"exception":"[object] (Symfony\\Component\\ErrorHandler\\Error\\FatalError(code: 0): Cannot declare class App\\Models\\FrequentlyBoughtProduct, because the name is already in use at G:/Laravel_projects/ta-web/app/Models/FrequentlyBroughtProduct.php:9)
[stacktrace]
#0 {main}
"} 
[2026-01-11 01:21:08] local.ERROR: Cannot declare class App\Models\FrequentlyBoughtProduct, because the name is already in use {"exception":"[object] (Symfony\\Component\\ErrorHandler\\Error\\FatalError(code: 0): Cannot declare class App\\Models\\FrequentlyBoughtProduct, because the name is already in use at G:/Laravel_projects/ta-web/app/Models/FrequentlyBroughtProduct.php:9)
[stacktrace]
#0 {main}
"} 
[2026-01-11 01:22:08] local.ERROR: Cannot declare class App\Models\FrequentlyBoughtProduct, because the name is already in use {"exception":"[object] (Symfony\\Component\\ErrorHandler\\Error\\FatalError(code: 0): Cannot declare class App\\Models\\FrequentlyBoughtProduct, because the name is already in use at G:/Laravel_projects/ta-web/app/Models/FrequentlyBroughtProduct.php:9)
[stacktrace]
#0 {main}
"} 
[2026-01-11 01:23:08] local.ERROR: Cannot declare class App\Models\FrequentlyBoughtProduct, because the name is already in use {"exception":"[object] (Symfony\\Component\\ErrorHandler\\Error\\FatalError(code: 0): Cannot declare class App\\Models\\FrequentlyBoughtProduct, because the name is already in use at G:/Laravel_projects/ta-web/app/Models/FrequentlyBroughtProduct.php:9)
[stacktrace]
#0 {main}
"} 
[2026-01-11 01:24:08] local.ERROR: Cannot declare class App\Models\FrequentlyBoughtProduct, because the name is already in use {"exception":"[object] (Symfony\\Component\\ErrorHandler\\Error\\FatalError(code: 0): Cannot declare class App\\Models\\FrequentlyBoughtProduct, because the name is already in use at G:/Laravel_projects/ta-web/app/Models/FrequentlyBroughtProduct.php:9)
[stacktrace]
#0 {main}
"} 
[2026-01-11 01:25:08] local.ERROR: Cannot declare class App\Models\FrequentlyBoughtProduct, because the name is already in use {"exception":"[object] (Symfony\\Component\\ErrorHandler\\Error\\FatalError(code: 0): Cannot declare class App\\Models\\FrequentlyBoughtProduct, because the name is already in use at G:/Laravel_projects/ta-web/app/Models/FrequentlyBroughtProduct.php:9)
[stacktrace]
#0 {main}
"} 
[2026-01-11 01:26:08] local.ERROR: Cannot declare class App\Models\FrequentlyBoughtProduct, because the name is already in use {"exception":"[object] (Symfony\\Component\\ErrorHandler\\Error\\FatalError(code: 0): Cannot declare class App\\Models\\FrequentlyBoughtProduct, because the name is already in use at G:/Laravel_projects/ta-web/app/Models/FrequentlyBroughtProduct.php:9)
[stacktrace]
#0 {main}
"} 
[2026-01-11 01:27:08] local.ERROR: Cannot declare class App\Models\FrequentlyBoughtProduct, because the name is already in use {"exception":"[object] (Symfony\\Component\\ErrorHandler\\Error\\FatalError(code: 0): Cannot declare class App\\Models\\FrequentlyBoughtProduct, because the name is already in use at G:/Laravel_projects/ta-web/app/Models/FrequentlyBroughtProduct.php:9)
[stacktrace]
#0 {main}
"} 
[2026-01-11 01:28:08] local.ERROR: Cannot declare class App\Models\FrequentlyBoughtProduct, because the name is already in use {"exception":"[object] (Symfony\\Component\\ErrorHandler\\Error\\FatalError(code: 0): Cannot declare class App\\Models\\FrequentlyBoughtProduct, because the name is already in use at G:/Laravel_projects/ta-web/app/Models/FrequentlyBroughtProduct.php:9)
[stacktrace]
#0 {main}
"} 
[2026-01-11 01:29:09] local.ERROR: Cannot declare class App\Models\FrequentlyBoughtProduct, because the name is already in use {"exception":"[object] (Symfony\\Component\\ErrorHandler\\Error\\FatalError(code: 0): Cannot declare class App\\Models\\FrequentlyBoughtProduct, because the name is already in use at G:/Laravel_projects/ta-web/app/Models/FrequentlyBroughtProduct.php:9)
[stacktrace]
#0 {main}
"} 
[2026-01-11 01:30:08] local.ERROR: Cannot declare class App\Models\FrequentlyBoughtProduct, because the name is already in use {"exception":"[object] (Symfony\\Component\\ErrorHandler\\Error\\FatalError(code: 0): Cannot declare class App\\Models\\FrequentlyBoughtProduct, because the name is already in use at G:/Laravel_projects/ta-web/app/Models/FrequentlyBroughtProduct.php:9)
[stacktrace]
#0 {main}
"} 
[2026-01-11 01:31:08] local.ERROR: Cannot declare class App\Models\FrequentlyBoughtProduct, because the name is already in use {"exception":"[object] (Symfony\\Component\\ErrorHandler\\Error\\FatalError(code: 0): Cannot declare class App\\Models\\FrequentlyBoughtProduct, because the name is already in use at G:/Laravel_projects/ta-web/app/Models/FrequentlyBroughtProduct.php:9)
[stacktrace]
#0 {main}
"} 
[2026-01-11 01:32:08] local.ERROR: Cannot declare class App\Models\FrequentlyBoughtProduct, because the name is already in use {"exception":"[object] (Symfony\\Component\\ErrorHandler\\Error\\FatalError(code: 0): Cannot declare class App\\Models\\FrequentlyBoughtProduct, because the name is already in use at G:/Laravel_projects/ta-web/app/Models/FrequentlyBroughtProduct.php:9)
[stacktrace]
#0 {main}
"} 
[2026-01-11 01:33:08] local.ERROR: Cannot declare class App\Models\FrequentlyBoughtProduct, because the name is already in use {"exception":"[object] (Symfony\\Component\\ErrorHandler\\Error\\FatalError(code: 0): Cannot declare class App\\Models\\FrequentlyBoughtProduct, because the name is already in use at G:/Laravel_projects/ta-web/app/Models/FrequentlyBroughtProduct.php:9)
[stacktrace]
#0 {main}
"} 
[2026-01-11 01:34:08] local.ERROR: Cannot declare class App\Models\FrequentlyBoughtProduct, because the name is already in use {"exception":"[object] (Symfony\\Component\\ErrorHandler\\Error\\FatalError(code: 0): Cannot declare class App\\Models\\FrequentlyBoughtProduct, because the name is already in use at G:/Laravel_projects/ta-web/app/Models/FrequentlyBroughtProduct.php:9)
[stacktrace]
#0 {main}
"} 
[2026-01-11 01:35:08] local.ERROR: Cannot declare class App\Models\FrequentlyBoughtProduct, because the name is already in use {"exception":"[object] (Symfony\\Component\\ErrorHandler\\Error\\FatalError(code: 0): Cannot declare class App\\Models\\FrequentlyBoughtProduct, because the name is already in use at G:/Laravel_projects/ta-web/app/Models/FrequentlyBroughtProduct.php:9)
[stacktrace]
#0 {main}
"} 
[2026-01-11 01:36:08] local.ERROR: Cannot declare class App\Models\FrequentlyBoughtProduct, because the name is already in use {"exception":"[object] (Symfony\\Component\\ErrorHandler\\Error\\FatalError(code: 0): Cannot declare class App\\Models\\FrequentlyBoughtProduct, because the name is already in use at G:/Laravel_projects/ta-web/app/Models/FrequentlyBroughtProduct.php:9)
[stacktrace]
#0 {main}
"} 
[2026-01-11 01:37:08] local.ERROR: Cannot declare class App\Models\FrequentlyBoughtProduct, because the name is already in use {"exception":"[object] (Symfony\\Component\\ErrorHandler\\Error\\FatalError(code: 0): Cannot declare class App\\Models\\FrequentlyBoughtProduct, because the name is already in use at G:/Laravel_projects/ta-web/app/Models/FrequentlyBroughtProduct.php:9)
[stacktrace]
#0 {main}
"} 
[2026-01-11 01:38:08] local.ERROR: Cannot declare class App\Models\FrequentlyBoughtProduct, because the name is already in use {"exception":"[object] (Symfony\\Component\\ErrorHandler\\Error\\FatalError(code: 0): Cannot declare class App\\Models\\FrequentlyBoughtProduct, because the name is already in use at G:/Laravel_projects/ta-web/app/Models/FrequentlyBroughtProduct.php:9)
[stacktrace]
#0 {main}
"} 
[2026-01-11 01:39:08] local.ERROR: Cannot declare class App\Models\FrequentlyBoughtProduct, because the name is already in use {"exception":"[object] (Symfony\\Component\\ErrorHandler\\Error\\FatalError(code: 0): Cannot declare class App\\Models\\FrequentlyBoughtProduct, because the name is already in use at G:/Laravel_projects/ta-web/app/Models/FrequentlyBroughtProduct.php:9)
[stacktrace]
#0 {main}
"} 
[2026-01-11 01:40:08] local.ERROR: Cannot declare class App\Models\FrequentlyBoughtProduct, because the name is already in use {"exception":"[object] (Symfony\\Component\\ErrorHandler\\Error\\FatalError(code: 0): Cannot declare class App\\Models\\FrequentlyBoughtProduct, because the name is already in use at G:/Laravel_projects/ta-web/app/Models/FrequentlyBroughtProduct.php:9)
[stacktrace]
#0 {main}
"} 
[2026-01-11 01:41:08] local.ERROR: Cannot declare class App\Models\FrequentlyBoughtProduct, because the name is already in use {"exception":"[object] (Symfony\\Component\\ErrorHandler\\Error\\FatalError(code: 0): Cannot declare class App\\Models\\FrequentlyBoughtProduct, because the name is already in use at G:/Laravel_projects/ta-web/app/Models/FrequentlyBroughtProduct.php:9)
[stacktrace]
#0 {main}
"} 
[2026-01-11 01:42:08] local.ERROR: Cannot declare class App\Models\FrequentlyBoughtProduct, because the name is already in use {"exception":"[object] (Symfony\\Component\\ErrorHandler\\Error\\FatalError(code: 0): Cannot declare class App\\Models\\FrequentlyBoughtProduct, because the name is already in use at G:/Laravel_projects/ta-web/app/Models/FrequentlyBroughtProduct.php:9)
[stacktrace]
#0 {main}
"} 
[2026-01-11 01:43:08] local.ERROR: Cannot declare class App\Models\FrequentlyBoughtProduct, because the name is already in use {"exception":"[object] (Symfony\\Component\\ErrorHandler\\Error\\FatalError(code: 0): Cannot declare class App\\Models\\FrequentlyBoughtProduct, because the name is already in use at G:/Laravel_projects/ta-web/app/Models/FrequentlyBroughtProduct.php:9)
[stacktrace]
#0 {main}
"} 
[2026-01-11 01:44:08] local.ERROR: Cannot declare class App\Models\FrequentlyBoughtProduct, because the name is already in use {"exception":"[object] (Symfony\\Component\\ErrorHandler\\Error\\FatalError(code: 0): Cannot declare class App\\Models\\FrequentlyBoughtProduct, because the name is already in use at G:/Laravel_projects/ta-web/app/Models/FrequentlyBroughtProduct.php:9)
[stacktrace]
#0 {main}
"} 
[2026-01-11 01:45:08] local.ERROR: Cannot declare class App\Models\FrequentlyBoughtProduct, because the name is already in use {"exception":"[object] (Symfony\\Component\\ErrorHandler\\Error\\FatalError(code: 0): Cannot declare class App\\Models\\FrequentlyBoughtProduct, because the name is already in use at G:/Laravel_projects/ta-web/app/Models/FrequentlyBroughtProduct.php:9)
[stacktrace]
#0 {main}
"} 
[2026-01-11 01:46:08] local.ERROR: Cannot declare class App\Models\FrequentlyBoughtProduct, because the name is already in use {"exception":"[object] (Symfony\\Component\\ErrorHandler\\Error\\FatalError(code: 0): Cannot declare class App\\Models\\FrequentlyBoughtProduct, because the name is already in use at G:/Laravel_projects/ta-web/app/Models/FrequentlyBroughtProduct.php:9)
[stacktrace]
#0 {main}
"} 
[2026-01-11 01:47:08] local.ERROR: Cannot declare class App\Models\FrequentlyBoughtProduct, because the name is already in use {"exception":"[object] (Symfony\\Component\\ErrorHandler\\Error\\FatalError(code: 0): Cannot declare class App\\Models\\FrequentlyBoughtProduct, because the name is already in use at G:/Laravel_projects/ta-web/app/Models/FrequentlyBroughtProduct.php:9)
[stacktrace]
#0 {main}
"} 
[2026-01-11 01:48:08] local.ERROR: Cannot declare class App\Models\FrequentlyBoughtProduct, because the name is already in use {"exception":"[object] (Symfony\\Component\\ErrorHandler\\Error\\FatalError(code: 0): Cannot declare class App\\Models\\FrequentlyBoughtProduct, because the name is already in use at G:/Laravel_projects/ta-web/app/Models/FrequentlyBroughtProduct.php:9)
[stacktrace]
#0 {main}
"} 
[2026-01-11 01:49:08] local.ERROR: Cannot declare class App\Models\FrequentlyBoughtProduct, because the name is already in use {"exception":"[object] (Symfony\\Component\\ErrorHandler\\Error\\FatalError(code: 0): Cannot declare class App\\Models\\FrequentlyBoughtProduct, because the name is already in use at G:/Laravel_projects/ta-web/app/Models/FrequentlyBroughtProduct.php:9)
[stacktrace]
#0 {main}
"} 
[2026-01-11 01:50:09] local.ERROR: Cannot declare class App\Models\FrequentlyBoughtProduct, because the name is already in use {"exception":"[object] (Symfony\\Component\\ErrorHandler\\Error\\FatalError(code: 0): Cannot declare class App\\Models\\FrequentlyBoughtProduct, because the name is already in use at G:/Laravel_projects/ta-web/app/Models/FrequentlyBroughtProduct.php:9)
[stacktrace]
#0 {main}
"} 
[2026-01-11 01:51:08] local.ERROR: Cannot declare class App\Models\FrequentlyBoughtProduct, because the name is already in use {"exception":"[object] (Symfony\\Component\\ErrorHandler\\Error\\FatalError(code: 0): Cannot declare class App\\Models\\FrequentlyBoughtProduct, because the name is already in use at G:/Laravel_projects/ta-web/app/Models/FrequentlyBroughtProduct.php:9)
[stacktrace]
#0 {main}
"} 
[2026-01-11 01:52:08] local.ERROR: Cannot declare class App\Models\FrequentlyBoughtProduct, because the name is already in use {"exception":"[object] (Symfony\\Component\\ErrorHandler\\Error\\FatalError(code: 0): Cannot declare class App\\Models\\FrequentlyBoughtProduct, because the name is already in use at G:/Laravel_projects/ta-web/app/Models/FrequentlyBroughtProduct.php:9)
[stacktrace]
#0 {main}
"} 
[2026-01-11 01:53:08] local.ERROR: Cannot declare class App\Models\FrequentlyBoughtProduct, because the name is already in use {"exception":"[object] (Symfony\\Component\\ErrorHandler\\Error\\FatalError(code: 0): Cannot declare class App\\Models\\FrequentlyBoughtProduct, because the name is already in use at G:/Laravel_projects/ta-web/app/Models/FrequentlyBroughtProduct.php:9)
[stacktrace]
#0 {main}
"} 
[2026-01-11 01:54:08] local.ERROR: Cannot declare class App\Models\FrequentlyBoughtProduct, because the name is already in use {"exception":"[object] (Symfony\\Component\\ErrorHandler\\Error\\FatalError(code: 0): Cannot declare class App\\Models\\FrequentlyBoughtProduct, because the name is already in use at G:/Laravel_projects/ta-web/app/Models/FrequentlyBroughtProduct.php:9)
[stacktrace]
#0 {main}
"} 
[2026-01-11 01:55:08] local.ERROR: Cannot declare class App\Models\FrequentlyBoughtProduct, because the name is already in use {"exception":"[object] (Symfony\\Component\\ErrorHandler\\Error\\FatalError(code: 0): Cannot declare class App\\Models\\FrequentlyBoughtProduct, because the name is already in use at G:/Laravel_projects/ta-web/app/Models/FrequentlyBroughtProduct.php:9)
[stacktrace]
#0 {main}
"} 
[2026-01-11 01:56:08] local.ERROR: Cannot declare class App\Models\FrequentlyBoughtProduct, because the name is already in use {"exception":"[object] (Symfony\\Component\\ErrorHandler\\Error\\FatalError(code: 0): Cannot declare class App\\Models\\FrequentlyBoughtProduct, because the name is already in use at G:/Laravel_projects/ta-web/app/Models/FrequentlyBroughtProduct.php:9)
[stacktrace]
#0 {main}
"} 
[2026-01-11 01:57:08] local.ERROR: Cannot declare class App\Models\FrequentlyBoughtProduct, because the name is already in use {"exception":"[object] (Symfony\\Component\\ErrorHandler\\Error\\FatalError(code: 0): Cannot declare class App\\Models\\FrequentlyBoughtProduct, because the name is already in use at G:/Laravel_projects/ta-web/app/Models/FrequentlyBroughtProduct.php:9)
[stacktrace]
#0 {main}
"} 
[2026-01-11 01:58:11] local.ERROR: Cannot declare class App\Models\FrequentlyBoughtProduct, because the name is already in use {"exception":"[object] (Symfony\\Component\\ErrorHandler\\Error\\FatalError(code: 0): Cannot declare class App\\Models\\FrequentlyBoughtProduct, because the name is already in use at G:/Laravel_projects/ta-web/app/Models/FrequentlyBroughtProduct.php:9)
[stacktrace]
#0 {main}
"} 
[2026-01-11 01:59:38] local.ERROR: Cannot declare class App\Models\FrequentlyBoughtProduct, because the name is already in use {"exception":"[object] (Symfony\\Component\\ErrorHandler\\Error\\FatalError(code: 0): Cannot declare class App\\Models\\FrequentlyBoughtProduct, because the name is already in use at G:/Laravel_projects/ta-web/app/Models/FrequentlyBroughtProduct.php:9)
[stacktrace]
#0 {main}
"} 
[2026-01-11 02:00:08] local.ERROR: Cannot declare class App\Models\FrequentlyBoughtProduct, because the name is already in use {"exception":"[object] (Symfony\\Component\\ErrorHandler\\Error\\FatalError(code: 0): Cannot declare class App\\Models\\FrequentlyBoughtProduct, because the name is already in use at G:/Laravel_projects/ta-web/app/Models/FrequentlyBroughtProduct.php:9)
[stacktrace]
#0 {main}
"} 
[2026-01-11 02:01:08] local.ERROR: Cannot declare class App\Models\FrequentlyBoughtProduct, because the name is already in use {"exception":"[object] (Symfony\\Component\\ErrorHandler\\Error\\FatalError(code: 0): Cannot declare class App\\Models\\FrequentlyBoughtProduct, because the name is already in use at G:/Laravel_projects/ta-web/app/Models/FrequentlyBroughtProduct.php:9)
[stacktrace]
#0 {main}
"} 
[2026-01-11 02:02:08] local.ERROR: Cannot declare class App\Models\FrequentlyBoughtProduct, because the name is already in use {"exception":"[object] (Symfony\\Component\\ErrorHandler\\Error\\FatalError(code: 0): Cannot declare class App\\Models\\FrequentlyBoughtProduct, because the name is already in use at G:/Laravel_projects/ta-web/app/Models/FrequentlyBroughtProduct.php:9)
[stacktrace]
#0 {main}
"} 
[2026-01-11 02:03:08] local.ERROR: Cannot declare class App\Models\FrequentlyBoughtProduct, because the name is already in use {"exception":"[object] (Symfony\\Component\\ErrorHandler\\Error\\FatalError(code: 0): Cannot declare class App\\Models\\FrequentlyBoughtProduct, because the name is already in use at G:/Laravel_projects/ta-web/app/Models/FrequentlyBroughtProduct.php:9)
[stacktrace]
#0 {main}
"} 
[2026-01-11 02:04:08] local.ERROR: Cannot declare class App\Models\FrequentlyBoughtProduct, because the name is already in use {"exception":"[object] (Symfony\\Component\\ErrorHandler\\Error\\FatalError(code: 0): Cannot declare class App\\Models\\FrequentlyBoughtProduct, because the name is already in use at G:/Laravel_projects/ta-web/app/Models/FrequentlyBroughtProduct.php:9)
[stacktrace]
#0 {main}
"} 
[2026-01-11 02:05:08] local.ERROR: Cannot declare class App\Models\FrequentlyBoughtProduct, because the name is already in use {"exception":"[object] (Symfony\\Component\\ErrorHandler\\Error\\FatalError(code: 0): Cannot declare class App\\Models\\FrequentlyBoughtProduct, because the name is already in use at G:/Laravel_projects/ta-web/app/Models/FrequentlyBroughtProduct.php:9)
[stacktrace]
#0 {main}
"} 
[2026-01-11 02:06:08] local.ERROR: Cannot declare class App\Models\FrequentlyBoughtProduct, because the name is already in use {"exception":"[object] (Symfony\\Component\\ErrorHandler\\Error\\FatalError(code: 0): Cannot declare class App\\Models\\FrequentlyBoughtProduct, because the name is already in use at G:/Laravel_projects/ta-web/app/Models/FrequentlyBroughtProduct.php:9)
[stacktrace]
#0 {main}
"} 
[2026-01-11 02:07:08] local.ERROR: Cannot declare class App\Models\FrequentlyBoughtProduct, because the name is already in use {"exception":"[object] (Symfony\\Component\\ErrorHandler\\Error\\FatalError(code: 0): Cannot declare class App\\Models\\FrequentlyBoughtProduct, because the name is already in use at G:/Laravel_projects/ta-web/app/Models/FrequentlyBroughtProduct.php:9)
[stacktrace]
#0 {main}
"} 
[2026-01-11 02:08:08] local.ERROR: Cannot declare class App\Models\FrequentlyBoughtProduct, because the name is already in use {"exception":"[object] (Symfony\\Component\\ErrorHandler\\Error\\FatalError(code: 0): Cannot declare class App\\Models\\FrequentlyBoughtProduct, because the name is already in use at G:/Laravel_projects/ta-web/app/Models/FrequentlyBroughtProduct.php:9)
[stacktrace]
#0 {main}
"} 
[2026-01-11 02:09:08] local.ERROR: Cannot declare class App\Models\FrequentlyBoughtProduct, because the name is already in use {"exception":"[object] (Symfony\\Component\\ErrorHandler\\Error\\FatalError(code: 0): Cannot declare class App\\Models\\FrequentlyBoughtProduct, because the name is already in use at G:/Laravel_projects/ta-web/app/Models/FrequentlyBroughtProduct.php:9)
[stacktrace]
#0 {main}
"} 
[2026-01-11 02:10:08] local.ERROR: Cannot declare class App\Models\FrequentlyBoughtProduct, because the name is already in use {"exception":"[object] (Symfony\\Component\\ErrorHandler\\Error\\FatalError(code: 0): Cannot declare class App\\Models\\FrequentlyBoughtProduct, because the name is already in use at G:/Laravel_projects/ta-web/app/Models/FrequentlyBroughtProduct.php:9)
[stacktrace]
#0 {main}
"} 
[2026-01-11 02:11:08] local.ERROR: Cannot declare class App\Models\FrequentlyBoughtProduct, because the name is already in use {"exception":"[object] (Symfony\\Component\\ErrorHandler\\Error\\FatalError(code: 0): Cannot declare class App\\Models\\FrequentlyBoughtProduct, because the name is already in use at G:/Laravel_projects/ta-web/app/Models/FrequentlyBroughtProduct.php:9)
[stacktrace]
#0 {main}
"} 
[2026-01-11 02:12:08] local.ERROR: Cannot declare class App\Models\FrequentlyBoughtProduct, because the name is already in use {"exception":"[object] (Symfony\\Component\\ErrorHandler\\Error\\FatalError(code: 0): Cannot declare class App\\Models\\FrequentlyBoughtProduct, because the name is already in use at G:/Laravel_projects/ta-web/app/Models/FrequentlyBroughtProduct.php:9)
[stacktrace]
#0 {main}
"} 
[2026-01-11 02:13:08] local.ERROR: Cannot declare class App\Models\FrequentlyBoughtProduct, because the name is already in use {"exception":"[object] (Symfony\\Component\\ErrorHandler\\Error\\FatalError(code: 0): Cannot declare class App\\Models\\FrequentlyBoughtProduct, because the name is already in use at G:/Laravel_projects/ta-web/app/Models/FrequentlyBroughtProduct.php:9)
[stacktrace]
#0 {main}
"} 
[2026-01-11 02:14:08] local.ERROR: Cannot declare class App\Models\FrequentlyBoughtProduct, because the name is already in use {"exception":"[object] (Symfony\\Component\\ErrorHandler\\Error\\FatalError(code: 0): Cannot declare class App\\Models\\FrequentlyBoughtProduct, because the name is already in use at G:/Laravel_projects/ta-web/app/Models/FrequentlyBroughtProduct.php:9)
[stacktrace]
#0 {main}
"} 
[2026-01-11 02:15:08] local.ERROR: Cannot declare class App\Models\FrequentlyBoughtProduct, because the name is already in use {"exception":"[object] (Symfony\\Component\\ErrorHandler\\Error\\FatalError(code: 0): Cannot declare class App\\Models\\FrequentlyBoughtProduct, because the name is already in use at G:/Laravel_projects/ta-web/app/Models/FrequentlyBroughtProduct.php:9)
[stacktrace]
#0 {main}
"} 
[2026-01-11 02:16:08] local.ERROR: Cannot declare class App\Models\FrequentlyBoughtProduct, because the name is already in use {"exception":"[object] (Symfony\\Component\\ErrorHandler\\Error\\FatalError(code: 0): Cannot declare class App\\Models\\FrequentlyBoughtProduct, because the name is already in use at G:/Laravel_projects/ta-web/app/Models/FrequentlyBroughtProduct.php:9)
[stacktrace]
#0 {main}
"} 
[2026-01-11 21:10:15] local.ERROR: Cannot declare class App\Models\FrequentlyBoughtProduct, because the name is already in use {"exception":"[object] (Symfony\\Component\\ErrorHandler\\Error\\FatalError(code: 0): Cannot declare class App\\Models\\FrequentlyBoughtProduct, because the name is already in use at G:/Laravel_projects/ta-web/app/Models/FrequentlyBroughtProduct.php:9)
[stacktrace]
#0 {main}
"} 
[2026-01-11 21:11:12] local.ERROR: Cannot declare class App\Models\FrequentlyBoughtProduct, because the name is already in use {"exception":"[object] (Symfony\\Component\\ErrorHandler\\Error\\FatalError(code: 0): Cannot declare class App\\Models\\FrequentlyBoughtProduct, because the name is already in use at G:/Laravel_projects/ta-web/app/Models/FrequentlyBroughtProduct.php:9)
[stacktrace]
#0 {main}
"} 
[2026-01-11 21:12:12] local.ERROR: Cannot declare class App\Models\FrequentlyBoughtProduct, because the name is already in use {"exception":"[object] (Symfony\\Component\\ErrorHandler\\Error\\FatalError(code: 0): Cannot declare class App\\Models\\FrequentlyBoughtProduct, because the name is already in use at G:/Laravel_projects/ta-web/app/Models/FrequentlyBroughtProduct.php:9)
[stacktrace]
#0 {main}
"} 
[2026-01-11 21:13:12] local.ERROR: Cannot declare class App\Models\FrequentlyBoughtProduct, because the name is already in use {"exception":"[object] (Symfony\\Component\\ErrorHandler\\Error\\FatalError(code: 0): Cannot declare class App\\Models\\FrequentlyBoughtProduct, because the name is already in use at G:/Laravel_projects/ta-web/app/Models/FrequentlyBroughtProduct.php:9)
[stacktrace]
#0 {main}
"} 
[2026-01-11 21:14:12] local.ERROR: Cannot declare class App\Models\FrequentlyBoughtProduct, because the name is already in use {"exception":"[object] (Symfony\\Component\\ErrorHandler\\Error\\FatalError(code: 0): Cannot declare class App\\Models\\FrequentlyBoughtProduct, because the name is already in use at G:/Laravel_projects/ta-web/app/Models/FrequentlyBroughtProduct.php:9)
[stacktrace]
#0 {main}
"} 
[2026-01-11 21:15:12] local.ERROR: Cannot declare class App\Models\FrequentlyBoughtProduct, because the name is already in use {"exception":"[object] (Symfony\\Component\\ErrorHandler\\Error\\FatalError(code: 0): Cannot declare class App\\Models\\FrequentlyBoughtProduct, because the name is already in use at G:/Laravel_projects/ta-web/app/Models/FrequentlyBroughtProduct.php:9)
[stacktrace]
#0 {main}
"} 
[2026-01-11 21:16:12] local.ERROR: Cannot declare class App\Models\FrequentlyBoughtProduct, because the name is already in use {"exception":"[object] (Symfony\\Component\\ErrorHandler\\Error\\FatalError(code: 0): Cannot declare class App\\Models\\FrequentlyBoughtProduct, because the name is already in use at G:/Laravel_projects/ta-web/app/Models/FrequentlyBroughtProduct.php:9)
[stacktrace]
#0 {main}
"} 
[2026-01-11 21:17:12] local.ERROR: Cannot declare class App\Models\FrequentlyBoughtProduct, because the name is already in use {"exception":"[object] (Symfony\\Component\\ErrorHandler\\Error\\FatalError(code: 0): Cannot declare class App\\Models\\FrequentlyBoughtProduct, because the name is already in use at G:/Laravel_projects/ta-web/app/Models/FrequentlyBroughtProduct.php:9)
[stacktrace]
#0 {main}
"} 
[2026-01-11 21:17:53] local.ERROR: Cannot declare class App\Models\FrequentlyBoughtProduct, because the name is already in use {"exception":"[object] (Symfony\\Component\\ErrorHandler\\Error\\FatalError(code: 0): Cannot declare class App\\Models\\FrequentlyBoughtProduct, because the name is already in use at G:/Laravel_projects/ta-web/app/Models/FrequentlyBroughtProduct.php:9)
[stacktrace]
#0 {main}
"} 
[2026-01-11 21:18:12] local.ERROR: Cannot declare class App\Models\FrequentlyBoughtProduct, because the name is already in use {"exception":"[object] (Symfony\\Component\\ErrorHandler\\Error\\FatalError(code: 0): Cannot declare class App\\Models\\FrequentlyBoughtProduct, because the name is already in use at G:/Laravel_projects/ta-web/app/Models/FrequentlyBroughtProduct.php:9)
[stacktrace]
#0 {main}
"} 
[2026-01-11 21:18:18] local.ERROR: Cannot declare class App\Models\FrequentlyBoughtProduct, because the name is already in use {"exception":"[object] (Symfony\\Component\\ErrorHandler\\Error\\FatalError(code: 0): Cannot declare class App\\Models\\FrequentlyBoughtProduct, because the name is already in use at G:/Laravel_projects/ta-web/app/Models/FrequentlyBroughtProduct.php:9)
[stacktrace]
#0 {main}
"} 
[2026-01-11 21:19:03] local.ERROR: Cannot declare class App\Models\FrequentlyBoughtProduct, because the name is already in use {"exception":"[object] (Symfony\\Component\\ErrorHandler\\Error\\FatalError(code: 0): Cannot declare class App\\Models\\FrequentlyBoughtProduct, because the name is already in use at G:/Laravel_projects/ta-web/app/Models/FrequentlyBroughtProduct.php:9)
[stacktrace]
#0 {main}
"} 
[2026-01-11 21:19:12] local.ERROR: Cannot declare class App\Models\FrequentlyBoughtProduct, because the name is already in use {"exception":"[object] (Symfony\\Component\\ErrorHandler\\Error\\FatalError(code: 0): Cannot declare class App\\Models\\FrequentlyBoughtProduct, because the name is already in use at G:/Laravel_projects/ta-web/app/Models/FrequentlyBroughtProduct.php:9)
[stacktrace]
#0 {main}
"} 
[2026-01-11 21:19:18] local.ERROR: Cannot declare class App\Models\FrequentlyBoughtProduct, because the name is already in use {"exception":"[object] (Symfony\\Component\\ErrorHandler\\Error\\FatalError(code: 0): Cannot declare class App\\Models\\FrequentlyBoughtProduct, because the name is already in use at G:/Laravel_projects/ta-web/app/Models/FrequentlyBroughtProduct.php:9)
[stacktrace]
#0 {main}
"} 
[2026-01-11 21:19:29] local.ERROR: Cannot declare class App\Models\FrequentlyBoughtProduct, because the name is already in use {"exception":"[object] (Symfony\\Component\\ErrorHandler\\Error\\FatalError(code: 0): Cannot declare class App\\Models\\FrequentlyBoughtProduct, because the name is already in use at G:/Laravel_projects/ta-web/app/Models/FrequentlyBroughtProduct.php:9)
[stacktrace]
#0 {main}
"} 
[2026-01-11 21:19:40] local.ERROR: Cannot declare class App\Models\FrequentlyBoughtProduct, because the name is already in use {"exception":"[object] (Symfony\\Component\\ErrorHandler\\Error\\FatalError(code: 0): Cannot declare class App\\Models\\FrequentlyBoughtProduct, because the name is already in use at G:/Laravel_projects/ta-web/app/Models/FrequentlyBroughtProduct.php:9)
[stacktrace]
#0 {main}
"} 
[2026-01-11 21:20:12] local.ERROR: Cannot declare class App\Models\FrequentlyBoughtProduct, because the name is already in use {"exception":"[object] (Symfony\\Component\\ErrorHandler\\Error\\FatalError(code: 0): Cannot declare class App\\Models\\FrequentlyBoughtProduct, because the name is already in use at G:/Laravel_projects/ta-web/app/Models/FrequentlyBroughtProduct.php:9)
[stacktrace]
#0 {main}
"} 
[2026-01-11 21:21:12] local.ERROR: Cannot declare class App\Models\FrequentlyBoughtProduct, because the name is already in use {"exception":"[object] (Symfony\\Component\\ErrorHandler\\Error\\FatalError(code: 0): Cannot declare class App\\Models\\FrequentlyBoughtProduct, because the name is already in use at G:/Laravel_projects/ta-web/app/Models/FrequentlyBroughtProduct.php:9)
[stacktrace]
#0 {main}
"} 
[2026-01-11 21:22:12] local.ERROR: Cannot declare class App\Models\FrequentlyBoughtProduct, because the name is already in use {"exception":"[object] (Symfony\\Component\\ErrorHandler\\Error\\FatalError(code: 0): Cannot declare class App\\Models\\FrequentlyBoughtProduct, because the name is already in use at G:/Laravel_projects/ta-web/app/Models/FrequentlyBroughtProduct.php:9)
[stacktrace]
#0 {main}
"} 
[2026-01-11 21:23:12] local.ERROR: Cannot declare class App\Models\FrequentlyBoughtProduct, because the name is already in use {"exception":"[object] (Symfony\\Component\\ErrorHandler\\Error\\FatalError(code: 0): Cannot declare class App\\Models\\FrequentlyBoughtProduct, because the name is already in use at G:/Laravel_projects/ta-web/app/Models/FrequentlyBroughtProduct.php:9)
[stacktrace]
#0 {main}
"} 
[2026-01-11 21:24:48] local.ERROR: Cannot declare class App\Models\FrequentlyBoughtProduct, because the name is already in use {"exception":"[object] (Symfony\\Component\\ErrorHandler\\Error\\FatalError(code: 0): Cannot declare class App\\Models\\FrequentlyBoughtProduct, because the name is already in use at G:/Laravel_projects/ta-web/app/Models/FrequentlyBroughtProduct.php:9)
[stacktrace]
#0 {main}
"} 
[2026-01-11 21:25:12] local.ERROR: Cannot declare class App\Models\FrequentlyBoughtProduct, because the name is already in use {"exception":"[object] (Symfony\\Component\\ErrorHandler\\Error\\FatalError(code: 0): Cannot declare class App\\Models\\FrequentlyBoughtProduct, because the name is already in use at G:/Laravel_projects/ta-web/app/Models/FrequentlyBroughtProduct.php:9)
[stacktrace]
#0 {main}
"} 
[2026-01-11 21:26:12] local.ERROR: Cannot declare class App\Models\FrequentlyBoughtProduct, because the name is already in use {"exception":"[object] (Symfony\\Component\\ErrorHandler\\Error\\FatalError(code: 0): Cannot declare class App\\Models\\FrequentlyBoughtProduct, because the name is already in use at G:/Laravel_projects/ta-web/app/Models/FrequentlyBroughtProduct.php:9)
[stacktrace]
#0 {main}
"} 
[2026-01-11 21:27:12] local.ERROR: Cannot declare class App\Models\FrequentlyBoughtProduct, because the name is already in use {"exception":"[object] (Symfony\\Component\\ErrorHandler\\Error\\FatalError(code: 0): Cannot declare class App\\Models\\FrequentlyBoughtProduct, because the name is already in use at G:/Laravel_projects/ta-web/app/Models/FrequentlyBroughtProduct.php:9)
[stacktrace]
#0 {main}
"} 
[2026-01-11 21:28:12] local.ERROR: Cannot declare class App\Models\FrequentlyBoughtProduct, because the name is already in use {"exception":"[object] (Symfony\\Component\\ErrorHandler\\Error\\FatalError(code: 0): Cannot declare class App\\Models\\FrequentlyBoughtProduct, because the name is already in use at G:/Laravel_projects/ta-web/app/Models/FrequentlyBroughtProduct.php:9)
[stacktrace]
#0 {main}
"} 
[2026-01-11 21:29:12] local.ERROR: Cannot declare class App\Models\FrequentlyBoughtProduct, because the name is already in use {"exception":"[object] (Symfony\\Component\\ErrorHandler\\Error\\FatalError(code: 0): Cannot declare class App\\Models\\FrequentlyBoughtProduct, because the name is already in use at G:/Laravel_projects/ta-web/app/Models/FrequentlyBroughtProduct.php:9)
[stacktrace]
#0 {main}
"} 
[2026-01-11 21:30:12] local.ERROR: Cannot declare class App\Models\FrequentlyBoughtProduct, because the name is already in use {"exception":"[object] (Symfony\\Component\\ErrorHandler\\Error\\FatalError(code: 0): Cannot declare class App\\Models\\FrequentlyBoughtProduct, because the name is already in use at G:/Laravel_projects/ta-web/app/Models/FrequentlyBroughtProduct.php:9)
[stacktrace]
#0 {main}
"} 
[2026-01-11 21:31:12] local.ERROR: Cannot declare class App\Models\FrequentlyBoughtProduct, because the name is already in use {"exception":"[object] (Symfony\\Component\\ErrorHandler\\Error\\FatalError(code: 0): Cannot declare class App\\Models\\FrequentlyBoughtProduct, because the name is already in use at G:/Laravel_projects/ta-web/app/Models/FrequentlyBroughtProduct.php:9)
[stacktrace]
#0 {main}
"} 
[2026-01-11 21:32:12] local.ERROR: Cannot declare class App\Models\FrequentlyBoughtProduct, because the name is already in use {"exception":"[object] (Symfony\\Component\\ErrorHandler\\Error\\FatalError(code: 0): Cannot declare class App\\Models\\FrequentlyBoughtProduct, because the name is already in use at G:/Laravel_projects/ta-web/app/Models/FrequentlyBroughtProduct.php:9)
[stacktrace]
#0 {main}
"} 
[2026-01-11 21:33:12] local.ERROR: Cannot declare class App\Models\FrequentlyBoughtProduct, because the name is already in use {"exception":"[object] (Symfony\\Component\\ErrorHandler\\Error\\FatalError(code: 0): Cannot declare class App\\Models\\FrequentlyBoughtProduct, because the name is already in use at G:/Laravel_projects/ta-web/app/Models/FrequentlyBroughtProduct.php:9)
[stacktrace]
#0 {main}
"} 
[2026-01-11 21:34:12] local.ERROR: Cannot declare class App\Models\FrequentlyBoughtProduct, because the name is already in use {"exception":"[object] (Symfony\\Component\\ErrorHandler\\Error\\FatalError(code: 0): Cannot declare class App\\Models\\FrequentlyBoughtProduct, because the name is already in use at G:/Laravel_projects/ta-web/app/Models/FrequentlyBroughtProduct.php:9)
[stacktrace]
#0 {main}
"} 
[2026-01-11 21:35:12] local.ERROR: Cannot declare class App\Models\FrequentlyBoughtProduct, because the name is already in use {"exception":"[object] (Symfony\\Component\\ErrorHandler\\Error\\FatalError(code: 0): Cannot declare class App\\Models\\FrequentlyBoughtProduct, because the name is already in use at G:/Laravel_projects/ta-web/app/Models/FrequentlyBroughtProduct.php:9)
[stacktrace]
#0 {main}
"} 
[2026-01-11 21:35:46] local.ERROR: SQLSTATE[42S02]: Base table or view not found: 1146 Table 'shop.home_pages' doesn't exist (Connection: mysql, SQL: select * from `home_pages` where `key` = hero limit 1) {"userId":9,"exception":"[object] (Illuminate\\Database\\QueryException(code: 42S02): SQLSTATE[42S02]: Base table or view not found: 1146 Table 'shop.home_pages' doesn't exist (Connection: mysql, SQL: select * from `home_pages` where `key` = hero limit 1) at G:/Laravel_projects/ta-web/vendor/laravel/framework/src/Illuminate/Database/Connection.php:829)
[stacktrace]
#0 G:/Laravel_projects/ta-web/vendor/laravel/framework/src/Illuminate/Database/Connection.php(783): Illuminate/Database/Connection->runQueryCallback('select * from `...', Array, Object(Closure))
#1 G:/Laravel_projects/ta-web/vendor/laravel/framework/src/Illuminate/Database/Connection.php(414): Illuminate/Database/Connection->run('select * from `...', Array, Object(Closure))
#2 G:/Laravel_projects/ta-web/vendor/laravel/framework/src/Illuminate/Database/Query/Builder.php(2913): Illuminate/Database/Connection->select('select * from `...', Array, true)
#3 G:/Laravel_projects/ta-web/vendor/laravel/framework/src/Illuminate/Database/Query/Builder.php(2902): Illuminate/Database/Query/Builder->runSelect()
#4 G:/Laravel_projects/ta-web/vendor/laravel/framework/src/Illuminate/Database/Query/Builder.php(3456): Illuminate/Database/Query/Builder->Illuminate/Database/Query/{closure}()
#5 G:/Laravel_projects/ta-web/vendor/laravel/framework/src/Illuminate/Database/Query/Builder.php(2901): Illuminate/Database/Query/Builder->onceWithColumns(Array, Object(Closure))
#6 G:/Laravel_projects/ta-web/vendor/laravel/framework/src/Illuminate/Database/Eloquent/Builder.php(739): Illuminate/Database/Query/Builder->get(Array)
#7 G:/Laravel_projects/ta-web/vendor/laravel/framework/src/Illuminate/Database/Eloquent/Builder.php(723): Illuminate/Database/Eloquent/Builder->getModels(Array)
#8 G:/Laravel_projects/ta-web/vendor/laravel/framework/src/Illuminate/Database/Concerns/BuildsQueries.php(333): Illuminate/Database/Eloquent/Builder->get(Array)
#9 G:/Laravel_projects/ta-web/app/Http/Controllers/Admin/Setting/HomePageController.php(13): Illuminate/Database/Eloquent/Builder->first()
#10 G:/Laravel_projects/ta-web/vendor/laravel/framework/src/Illuminate/Routing/Controller.php(54): App/Http/Controllers/Admin/Setting/HomePageController->index()
#11 G:/Laravel_projects/ta-web/vendor/laravel/framework/src/Illuminate/Routing/ControllerDispatcher.php(43): Illuminate/Routing/Controller->callAction('index', Array)
#12 G:/Laravel_projects/ta-web/vendor/laravel/framework/src/Illuminate/Routing/Route.php(259): Illuminate/Routing/ControllerDispatcher->dispatch(Object(Illuminate/Routing/Route), Object(App/Http/Controllers/Admin/Setting/HomePageController), 'index')
#13 G:/Laravel_projects/ta-web/vendor/laravel/framework/src/Illuminate/Routing/Route.php(205): Illuminate/Routing/Route->runController()
#14 G:/Laravel_projects/ta-web/vendor/laravel/framework/src/Illuminate/Routing/Router.php(806): Illuminate/Routing/Route->run()
#15 G:/Laravel_projects/ta-web/vendor/laravel/framework/src/Illuminate/Pipeline/Pipeline.php(144): Illuminate/Routing/Router->Illuminate/Routing/{closure}(Object(Illuminate/Http/Request))
#16 G:/Laravel_projects/ta-web/app/Http/Middleware/PreventBackHistory.php(25): Illuminate/Pipeline/Pipeline->Illuminate/Pipeline/{closure}(Object(Illuminate/Http/Request))
#17 G:/Laravel_projects/ta-web/vendor/laravel/framework/src/Illuminate/Pipeline/Pipeline.php(183): App/Http/Middleware/PreventBackHistory->handle(Object(Illuminate/Http/Request), Object(Closure))
#18 G:/Laravel_projects/ta-web/app/Http/Middleware/IsAdmin.php(21): Illuminate/Pipeline/Pipeline->Illuminate/Pipeline/{closure}(Object(Illuminate/Http/Request))
#19 G:/Laravel_projects/ta-web/vendor/laravel/framework/src/Illuminate/Pipeline/Pipeline.php(183): App/Http/Middleware/IsAdmin->handle(Object(Illuminate/Http/Request), Object(Closure))
#20 G:/Laravel_projects/ta-web/vendor/barryvdh/laravel-debugbar/src/Middleware/InjectDebugbar.php(66): Illuminate/Pipeline/Pipeline->Illuminate/Pipeline/{closure}(Object(Illuminate/Http/Request))
#21 G:/Laravel_projects/ta-web/vendor/laravel/framework/src/Illuminate/Pipeline/Pipeline.php(183): Barryvdh/Debugbar/Middleware/InjectDebugbar->handle(Object(Illuminate/Http/Request), Object(Closure))
#22 G:/Laravel_projects/ta-web/app/Http/Middleware/CheckForMaintenanceMode.php(64): Illuminate/Pipeline/Pipeline->Illuminate/Pipeline/{closure}(Object(Illuminate/Http/Request))
#23 G:/Laravel_projects/ta-web/vendor/laravel/framework/src/Illuminate/Pipeline/Pipeline.php(183): App/Http/Middleware/CheckForMaintenanceMode->handle(Object(Illuminate/Http/Request), Object(Closure))
#24 G:/Laravel_projects/ta-web/app/Http/Middleware/HttpsProtocol.php(20): Illuminate/Pipeline/Pipeline->Illuminate/Pipeline/{closure}(Object(Illuminate/Http/Request))
#25 G:/Laravel_projects/ta-web/vendor/laravel/framework/src/Illuminate/Pipeline/Pipeline.php(183): App/Http/Middleware/HttpsProtocol->handle(Object(Illuminate/Http/Request), Object(Closure))
#26 G:/Laravel_projects/ta-web/app/Http/Middleware/Language.php(35): Illuminate/Pipeline/Pipeline->Illuminate/Pipeline/{closure}(Object(Illuminate/Http/Request))
#27 G:/Laravel_projects/ta-web/vendor/laravel/framework/src/Illuminate/Pipeline/Pipeline.php(183): App/Http/Middleware/Language->handle(Object(Illuminate/Http/Request), Object(Closure))
#28 G:/Laravel_projects/ta-web/vendor/laravel/framework/src/Illuminate/Routing/Middleware/SubstituteBindings.php(50): Illuminate/Pipeline/Pipeline->Illuminate/Pipeline/{closure}(Object(Illuminate/Http/Request))
#29 G:/Laravel_projects/ta-web/vendor/laravel/framework/src/Illuminate/Pipeline/Pipeline.php(183): Illuminate/Routing/Middleware/SubstituteBindings->handle(Object(Illuminate/Http/Request), Object(Closure))
#30 G:/Laravel_projects/ta-web/vendor/laravel/framework/src/Illuminate/Auth/Middleware/Authenticate.php(57): Illuminate/Pipeline/Pipeline->Illuminate/Pipeline/{closure}(Object(Illuminate/Http/Request))
#31 G:/Laravel_projects/ta-web/vendor/laravel/framework/src/Illuminate/Pipeline/Pipeline.php(183): Illuminate/Auth/Middleware/Authenticate->handle(Object(Illuminate/Http/Request), Object(Closure))
#32 G:/Laravel_projects/ta-web/vendor/laravel/framework/src/Illuminate/Foundation/Http/Middleware/VerifyCsrfToken.php(78): Illuminate/Pipeline/Pipeline->Illuminate/Pipeline/{closure}(Object(Illuminate/Http/Request))
#33 G:/Laravel_projects/ta-web/vendor/laravel/framework/src/Illuminate/Pipeline/Pipeline.php(183): Illuminate/Foundation/Http/Middleware/VerifyCsrfToken->handle(Object(Illuminate/Http/Request), Object(Closure))
#34 G:/Laravel_projects/ta-web/vendor/laravel/framework/src/Illuminate/Cookie/Middleware/AddQueuedCookiesToResponse.php(37): Illuminate/Pipeline/Pipeline->Illuminate/Pipeline/{closure}(Object(Illuminate/Http/Request))
#35 G:/Laravel_projects/ta-web/vendor/laravel/framework/src/Illuminate/Pipeline/Pipeline.php(183): Illuminate/Cookie/Middleware/AddQueuedCookiesToResponse->handle(Object(Illuminate/Http/Request), Object(Closure))
#36 G:/Laravel_projects/ta-web/vendor/laravel/framework/src/Illuminate/Pipeline/Pipeline.php(119): Illuminate/Pipeline/Pipeline->Illuminate/Pipeline/{closure}(Object(Illuminate/Http/Request))
#37 G:/Laravel_projects/ta-web/vendor/laravel/framework/src/Illuminate/Routing/Router.php(805): Illuminate/Pipeline/Pipeline->then(Object(Closure))
#38 G:/Laravel_projects/ta-web/vendor/laravel/framework/src/Illuminate/Routing/Router.php(784): Illuminate/Routing/Router->runRouteWithinStack(Object(Illuminate/Routing/Route), Object(Illuminate/Http/Request))
#39 G:/Laravel_projects/ta-web/vendor/laravel/framework/src/Illuminate/Routing/Router.php(748): Illuminate/Routing/Router->runRoute(Object(Illuminate/Http/Request), Object(Illuminate/Routing/Route))
#40 G:/Laravel_projects/ta-web/vendor/laravel/framework/src/Illuminate/Routing/Router.php(737): Illuminate/Routing/Router->dispatchToRoute(Object(Illuminate/Http/Request))
#41 G:/Laravel_projects/ta-web/vendor/laravel/framework/src/Illuminate/Foundation/Http/Kernel.php(200): Illuminate/Routing/Router->dispatch(Object(Illuminate/Http/Request))
#42 G:/Laravel_projects/ta-web/vendor/laravel/framework/src/Illuminate/Pipeline/Pipeline.php(144): Illuminate/Foundation/Http/Kernel->Illuminate/Foundation/Http/{closure}(Object(Illuminate/Http/Request))
#43 G:/Laravel_projects/ta-web/vendor/barryvdh/laravel-debugbar/src/Middleware/InjectDebugbar.php(66): Illuminate/Pipeline/Pipeline->Illuminate/Pipeline/{closure}(Object(Illuminate/Http/Request))
#44 G:/Laravel_projects/ta-web/vendor/laravel/framework/src/Illuminate/Pipeline/Pipeline.php(183): Barryvdh/Debugbar/Middleware/InjectDebugbar->handle(Object(Illuminate/Http/Request), Object(Closure))
#45 G:/Laravel_projects/ta-web/vendor/laravel/framework/src/Illuminate/View/Middleware/ShareErrorsFromSession.php(49): Illuminate/Pipeline/Pipeline->Illuminate/Pipeline/{closure}(Object(Illuminate/Http/Request))
#46 G:/Laravel_projects/ta-web/vendor/laravel/framework/src/Illuminate/Pipeline/Pipeline.php(183): Illuminate/View/Middleware/ShareErrorsFromSession->handle(Object(Illuminate/Http/Request), Object(Closure))
#47 G:/Laravel_projects/ta-web/vendor/laravel/framework/src/Illuminate/Session/Middleware/StartSession.php(121): Illuminate/Pipeline/Pipeline->Illuminate/Pipeline/{closure}(Object(Illuminate/Http/Request))
#48 G:/Laravel_projects/ta-web/vendor/laravel/framework/src/Illuminate/Session/Middleware/StartSession.php(64): Illuminate/Session/Middleware/StartSession->handleStatefulRequest(Object(Illuminate/Http/Request), Object(Illuminate/Session/Store), Object(Closure))
#49 G:/Laravel_projects/ta-web/vendor/laravel/framework/src/Illuminate/Pipeline/Pipeline.php(183): Illuminate/Session/Middleware/StartSession->handle(Object(Illuminate/Http/Request), Object(Closure))
#50 G:/Laravel_projects/ta-web/vendor/laravel/framework/src/Illuminate/Http/Middleware/TrustProxies.php(39): Illuminate/Pipeline/Pipeline->Illuminate/Pipeline/{closure}(Object(Illuminate/Http/Request))
#51 G:/Laravel_projects/ta-web/vendor/laravel/framework/src/Illuminate/Pipeline/Pipeline.php(183): Illuminate/Http/Middleware/TrustProxies->handle(Object(Illuminate/Http/Request), Object(Closure))
#52 G:/Laravel_projects/ta-web/vendor/laravel/framework/src/Illuminate/Foundation/Http/Middleware/TransformsRequest.php(21): Illuminate/Pipeline/Pipeline->Illuminate/Pipeline/{closure}(Object(Illuminate/Http/Request))
#53 G:/Laravel_projects/ta-web/vendor/laravel/framework/src/Illuminate/Foundation/Http/Middleware/ConvertEmptyStringsToNull.php(31): Illuminate/Foundation/Http/Middleware/TransformsRequest->handle(Object(Illuminate/Http/Request), Object(Closure))
#54 G:/Laravel_projects/ta-web/vendor/laravel/framework/src/Illuminate/Pipeline/Pipeline.php(183): Illuminate/Foundation/Http/Middleware/ConvertEmptyStringsToNull->handle(Object(Illuminate/Http/Request), Object(Closure))
#55 G:/Laravel_projects/ta-web/vendor/laravel/framework/src/Illuminate/Foundation/Http/Middleware/TransformsRequest.php(21): Illuminate/Pipeline/Pipeline->Illuminate/Pipeline/{closure}(Object(Illuminate/Http/Request))
#56 G:/Laravel_projects/ta-web/vendor/laravel/framework/src/Illuminate/Foundation/Http/Middleware/TrimStrings.php(40): Illuminate/Foundation/Http/Middleware/TransformsRequest->handle(Object(Illuminate/Http/Request), Object(Closure))
#57 G:/Laravel_projects/ta-web/vendor/laravel/framework/src/Illuminate/Pipeline/Pipeline.php(183): Illuminate/Foundation/Http/Middleware/TrimStrings->handle(Object(Illuminate/Http/Request), Object(Closure))
#58 G:/Laravel_projects/ta-web/vendor/laravel/framework/src/Illuminate/Foundation/Http/Middleware/ValidatePostSize.php(27): Illuminate/Pipeline/Pipeline->Illuminate/Pipeline/{closure}(Object(Illuminate/Http/Request))
#59 G:/Laravel_projects/ta-web/vendor/laravel/framework/src/Illuminate/Pipeline/Pipeline.php(183): Illuminate/Foundation/Http/Middleware/ValidatePostSize->handle(Object(Illuminate/Http/Request), Object(Closure))
#60 G:/Laravel_projects/ta-web/vendor/laravel/framework/src/Illuminate/Pipeline/Pipeline.php(119): Illuminate/Pipeline/Pipeline->Illuminate/Pipeline/{closure}(Object(Illuminate/Http/Request))
#61 G:/Laravel_projects/ta-web/vendor/laravel/framework/src/Illuminate/Foundation/Http/Kernel.php(175): Illuminate/Pipeline/Pipeline->then(Object(Closure))
#62 G:/Laravel_projects/ta-web/vendor/laravel/framework/src/Illuminate/Foundation/Http/Kernel.php(144): Illuminate/Foundation/Http/Kernel->sendRequestThroughRouter(Object(Illuminate/Http/Request))
#63 G:/Laravel_projects/ta-web/public/index.php(48): Illuminate/Foundation/Http/Kernel->handle(Object(Illuminate/Http/Request))
#64 G:/Laravel_projects/ta-web/server.php(21): require_once('G://Laravel_proj...')
#65 {main}

[previous exception] [object] (PDOException(code: 42S02): SQLSTATE[42S02]: Base table or view not found: 1146 Table 'shop.home_pages' doesn't exist at G:/Laravel_projects/ta-web/vendor/laravel/framework/src/Illuminate/Database/Connection.php:423)
[stacktrace]
#0 G:/Laravel_projects/ta-web/vendor/laravel/framework/src/Illuminate/Database/Connection.php(423): PDO->prepare('select * from `...')
#1 G:/Laravel_projects/ta-web/vendor/laravel/framework/src/Illuminate/Database/Connection.php(816): Illuminate/Database/Connection->Illuminate/Database/{closure}('select * from `...', Array)
#2 G:/Laravel_projects/ta-web/vendor/laravel/framework/src/Illuminate/Database/Connection.php(783): Illuminate/Database/Connection->runQueryCallback('select * from `...', Array, Object(Closure))
#3 G:/Laravel_projects/ta-web/vendor/laravel/framework/src/Illuminate/Database/Connection.php(414): Illuminate/Database/Connection->run('select * from `...', Array, Object(Closure))
#4 G:/Laravel_projects/ta-web/vendor/laravel/framework/src/Illuminate/Database/Query/Builder.php(2913): Illuminate/Database/Connection->select('select * from `...', Array, true)
#5 G:/Laravel_projects/ta-web/vendor/laravel/framework/src/Illuminate/Database/Query/Builder.php(2902): Illuminate/Database/Query/Builder->runSelect()
#6 G:/Laravel_projects/ta-web/vendor/laravel/framework/src/Illuminate/Database/Query/Builder.php(3456): Illuminate/Database/Query/Builder->Illuminate/Database/Query/{closure}()
#7 G:/Laravel_projects/ta-web/vendor/laravel/framework/src/Illuminate/Database/Query/Builder.php(2901): Illuminate/Database/Query/Builder->onceWithColumns(Array, Object(Closure))
#8 G:/Laravel_projects/ta-web/vendor/laravel/framework/src/Illuminate/Database/Eloquent/Builder.php(739): Illuminate/Database/Query/Builder->get(Array)
#9 G:/Laravel_projects/ta-web/vendor/laravel/framework/src/Illuminate/Database/Eloquent/Builder.php(723): Illuminate/Database/Eloquent/Builder->getModels(Array)
#10 G:/Laravel_projects/ta-web/vendor/laravel/framework/src/Illuminate/Database/Concerns/BuildsQueries.php(333): Illuminate/Database/Eloquent/Builder->get(Array)
#11 G:/Laravel_projects/ta-web/app/Http/Controllers/Admin/Setting/HomePageController.php(13): Illuminate/Database/Eloquent/Builder->first()
#12 G:/Laravel_projects/ta-web/vendor/laravel/framework/src/Illuminate/Routing/Controller.php(54): App/Http/Controllers/Admin/Setting/HomePageController->index()
#13 G:/Laravel_projects/ta-web/vendor/laravel/framework/src/Illuminate/Routing/ControllerDispatcher.php(43): Illuminate/Routing/Controller->callAction('index', Array)
#14 G:/Laravel_projects/ta-web/vendor/laravel/framework/src/Illuminate/Routing/Route.php(259): Illuminate/Routing/ControllerDispatcher->dispatch(Object(Illuminate/Routing/Route), Object(App/Http/Controllers/Admin/Setting/HomePageController), 'index')
#15 G:/Laravel_projects/ta-web/vendor/laravel/framework/src/Illuminate/Routing/Route.php(205): Illuminate/Routing/Route->runController()
#16 G:/Laravel_projects/ta-web/vendor/laravel/framework/src/Illuminate/Routing/Router.php(806): Illuminate/Routing/Route->run()
#17 G:/Laravel_projects/ta-web/vendor/laravel/framework/src/Illuminate/Pipeline/Pipeline.php(144): Illuminate/Routing/Router->Illuminate/Routing/{closure}(Object(Illuminate/Http/Request))
#18 G:/Laravel_projects/ta-web/app/Http/Middleware/PreventBackHistory.php(25): Illuminate/Pipeline/Pipeline->Illuminate/Pipeline/{closure}(Object(Illuminate/Http/Request))
#19 G:/Laravel_projects/ta-web/vendor/laravel/framework/src/Illuminate/Pipeline/Pipeline.php(183): App/Http/Middleware/PreventBackHistory->handle(Object(Illuminate/Http/Request), Object(Closure))
#20 G:/Laravel_projects/ta-web/app/Http/Middleware/IsAdmin.php(21): Illuminate/Pipeline/Pipeline->Illuminate/Pipeline/{closure}(Object(Illuminate/Http/Request))
#21 G:/Laravel_projects/ta-web/vendor/laravel/framework/src/Illuminate/Pipeline/Pipeline.php(183): App/Http/Middleware/IsAdmin->handle(Object(Illuminate/Http/Request), Object(Closure))
#22 G:/Laravel_projects/ta-web/vendor/barryvdh/laravel-debugbar/src/Middleware/InjectDebugbar.php(66): Illuminate/Pipeline/Pipeline->Illuminate/Pipeline/{closure}(Object(Illuminate/Http/Request))
#23 G:/Laravel_projects/ta-web/vendor/laravel/framework/src/Illuminate/Pipeline/Pipeline.php(183): Barryvdh/Debugbar/Middleware/InjectDebugbar->handle(Object(Illuminate/Http/Request), Object(Closure))
#24 G:/Laravel_projects/ta-web/app/Http/Middleware/CheckForMaintenanceMode.php(64): Illuminate/Pipeline/Pipeline->Illuminate/Pipeline/{closure}(Object(Illuminate/Http/Request))
#25 G:/Laravel_projects/ta-web/vendor/laravel/framework/src/Illuminate/Pipeline/Pipeline.php(183): App/Http/Middleware/CheckForMaintenanceMode->handle(Object(Illuminate/Http/Request), Object(Closure))
#26 G:/Laravel_projects/ta-web/app/Http/Middleware/HttpsProtocol.php(20): Illuminate/Pipeline/Pipeline->Illuminate/Pipeline/{closure}(Object(Illuminate/Http/Request))
#27 G:/Laravel_projects/ta-web/vendor/laravel/framework/src/Illuminate/Pipeline/Pipeline.php(183): App/Http/Middleware/HttpsProtocol->handle(Object(Illuminate/Http/Request), Object(Closure))
#28 G:/Laravel_projects/ta-web/app/Http/Middleware/Language.php(35): Illuminate/Pipeline/Pipeline->Illuminate/Pipeline/{closure}(Object(Illuminate/Http/Request))
#29 G:/Laravel_projects/ta-web/vendor/laravel/framework/src/Illuminate/Pipeline/Pipeline.php(183): App/Http/Middleware/Language->handle(Object(Illuminate/Http/Request), Object(Closure))
#30 G:/Laravel_projects/ta-web/vendor/laravel/framework/src/Illuminate/Routing/Middleware/SubstituteBindings.php(50): Illuminate/Pipeline/Pipeline->Illuminate/Pipeline/{closure}(Object(Illuminate/Http/Request))
#31 G:/Laravel_projects/ta-web/vendor/laravel/framework/src/Illuminate/Pipeline/Pipeline.php(183): Illuminate/Routing/Middleware/SubstituteBindings->handle(Object(Illuminate/Http/Request), Object(Closure))
#32 G:/Laravel_projects/ta-web/vendor/laravel/framework/src/Illuminate/Auth/Middleware/Authenticate.php(57): Illuminate/Pipeline/Pipeline->Illuminate/Pipeline/{closure}(Object(Illuminate/Http/Request))
#33 G:/Laravel_projects/ta-web/vendor/laravel/framework/src/Illuminate/Pipeline/Pipeline.php(183): Illuminate/Auth/Middleware/Authenticate->handle(Object(Illuminate/Http/Request), Object(Closure))
#34 G:/Laravel_projects/ta-web/vendor/laravel/framework/src/Illuminate/Foundation/Http/Middleware/VerifyCsrfToken.php(78): Illuminate/Pipeline/Pipeline->Illuminate/Pipeline/{closure}(Object(Illuminate/Http/Request))
#35 G:/Laravel_projects/ta-web/vendor/laravel/framework/src/Illuminate/Pipeline/Pipeline.php(183): Illuminate/Foundation/Http/Middleware/VerifyCsrfToken->handle(Object(Illuminate/Http/Request), Object(Closure))
#36 G:/Laravel_projects/ta-web/vendor/laravel/framework/src/Illuminate/Cookie/Middleware/AddQueuedCookiesToResponse.php(37): Illuminate/Pipeline/Pipeline->Illuminate/Pipeline/{closure}(Object(Illuminate/Http/Request))
#37 G:/Laravel_projects/ta-web/vendor/laravel/framework/src/Illuminate/Pipeline/Pipeline.php(183): Illuminate/Cookie/Middleware/AddQueuedCookiesToResponse->handle(Object(Illuminate/Http/Request), Object(Closure))
#38 G:/Laravel_projects/ta-web/vendor/laravel/framework/src/Illuminate/Pipeline/Pipeline.php(119): Illuminate/Pipeline/Pipeline->Illuminate/Pipeline/{closure}(Object(Illuminate/Http/Request))
#39 G:/Laravel_projects/ta-web/vendor/laravel/framework/src/Illuminate/Routing/Router.php(805): Illuminate/Pipeline/Pipeline->then(Object(Closure))
#40 G:/Laravel_projects/ta-web/vendor/laravel/framework/src/Illuminate/Routing/Router.php(784): Illuminate/Routing/Router->runRouteWithinStack(Object(Illuminate/Routing/Route), Object(Illuminate/Http/Request))
#41 G:/Laravel_projects/ta-web/vendor/laravel/framework/src/Illuminate/Routing/Router.php(748): Illuminate/Routing/Router->runRoute(Object(Illuminate/Http/Request), Object(Illuminate/Routing/Route))
#42 G:/Laravel_projects/ta-web/vendor/laravel/framework/src/Illuminate/Routing/Router.php(737): Illuminate/Routing/Router->dispatchToRoute(Object(Illuminate/Http/Request))
#43 G:/Laravel_projects/ta-web/vendor/laravel/framework/src/Illuminate/Foundation/Http/Kernel.php(200): Illuminate/Routing/Router->dispatch(Object(Illuminate/Http/Request))
#44 G:/Laravel_projects/ta-web/vendor/laravel/framework/src/Illuminate/Pipeline/Pipeline.php(144): Illuminate/Foundation/Http/Kernel->Illuminate/Foundation/Http/{closure}(Object(Illuminate/Http/Request))
#45 G:/Laravel_projects/ta-web/vendor/barryvdh/laravel-debugbar/src/Middleware/InjectDebugbar.php(66): Illuminate/Pipeline/Pipeline->Illuminate/Pipeline/{closure}(Object(Illuminate/Http/Request))
#46 G:/Laravel_projects/ta-web/vendor/laravel/framework/src/Illuminate/Pipeline/Pipeline.php(183): Barryvdh/Debugbar/Middleware/InjectDebugbar->handle(Object(Illuminate/Http/Request), Object(Closure))
#47 G:/Laravel_projects/ta-web/vendor/laravel/framework/src/Illuminate/View/Middleware/ShareErrorsFromSession.php(49): Illuminate/Pipeline/Pipeline->Illuminate/Pipeline/{closure}(Object(Illuminate/Http/Request))
#48 G:/Laravel_projects/ta-web/vendor/laravel/framework/src/Illuminate/Pipeline/Pipeline.php(183): Illuminate/View/Middleware/ShareErrorsFromSession->handle(Object(Illuminate/Http/Request), Object(Closure))
#49 G:/Laravel_projects/ta-web/vendor/laravel/framework/src/Illuminate/Session/Middleware/StartSession.php(121): Illuminate/Pipeline/Pipeline->Illuminate/Pipeline/{closure}(Object(Illuminate/Http/Request))
#50 G:/Laravel_projects/ta-web/vendor/laravel/framework/src/Illuminate/Session/Middleware/StartSession.php(64): Illuminate/Session/Middleware/StartSession->handleStatefulRequest(Object(Illuminate/Http/Request), Object(Illuminate/Session/Store), Object(Closure))
#51 G:/Laravel_projects/ta-web/vendor/laravel/framework/src/Illuminate/Pipeline/Pipeline.php(183): Illuminate/Session/Middleware/StartSession->handle(Object(Illuminate/Http/Request), Object(Closure))
#52 G:/Laravel_projects/ta-web/vendor/laravel/framework/src/Illuminate/Http/Middleware/TrustProxies.php(39): Illuminate/Pipeline/Pipeline->Illuminate/Pipeline/{closure}(Object(Illuminate/Http/Request))
#53 G:/Laravel_projects/ta-web/vendor/laravel/framework/src/Illuminate/Pipeline/Pipeline.php(183): Illuminate/Http/Middleware/TrustProxies->handle(Object(Illuminate/Http/Request), Object(Closure))
#54 G:/Laravel_projects/ta-web/vendor/laravel/framework/src/Illuminate/Foundation/Http/Middleware/TransformsRequest.php(21): Illuminate/Pipeline/Pipeline->Illuminate/Pipeline/{closure}(Object(Illuminate/Http/Request))
#55 G:/Laravel_projects/ta-web/vendor/laravel/framework/src/Illuminate/Foundation/Http/Middleware/ConvertEmptyStringsToNull.php(31): Illuminate/Foundation/Http/Middleware/TransformsRequest->handle(Object(Illuminate/Http/Request), Object(Closure))
#56 G:/Laravel_projects/ta-web/vendor/laravel/framework/src/Illuminate/Pipeline/Pipeline.php(183): Illuminate/Foundation/Http/Middleware/ConvertEmptyStringsToNull->handle(Object(Illuminate/Http/Request), Object(Closure))
#57 G:/Laravel_projects/ta-web/vendor/laravel/framework/src/Illuminate/Foundation/Http/Middleware/TransformsRequest.php(21): Illuminate/Pipeline/Pipeline->Illuminate/Pipeline/{closure}(Object(Illuminate/Http/Request))
#58 G:/Laravel_projects/ta-web/vendor/laravel/framework/src/Illuminate/Foundation/Http/Middleware/TrimStrings.php(40): Illuminate/Foundation/Http/Middleware/TransformsRequest->handle(Object(Illuminate/Http/Request), Object(Closure))
#59 G:/Laravel_projects/ta-web/vendor/laravel/framework/src/Illuminate/Pipeline/Pipeline.php(183): Illuminate/Foundation/Http/Middleware/TrimStrings->handle(Object(Illuminate/Http/Request), Object(Closure))
#60 G:/Laravel_projects/ta-web/vendor/laravel/framework/src/Illuminate/Foundation/Http/Middleware/ValidatePostSize.php(27): Illuminate/Pipeline/Pipeline->Illuminate/Pipeline/{closure}(Object(Illuminate/Http/Request))
#61 G:/Laravel_projects/ta-web/vendor/laravel/framework/src/Illuminate/Pipeline/Pipeline.php(183): Illuminate/Foundation/Http/Middleware/ValidatePostSize->handle(Object(Illuminate/Http/Request), Object(Closure))
#62 G:/Laravel_projects/ta-web/vendor/laravel/framework/src/Illuminate/Pipeline/Pipeline.php(119): Illuminate/Pipeline/Pipeline->Illuminate/Pipeline/{closure}(Object(Illuminate/Http/Request))
#63 G:/Laravel_projects/ta-web/vendor/laravel/framework/src/Illuminate/Foundation/Http/Kernel.php(175): Illuminate/Pipeline/Pipeline->then(Object(Closure))
#64 G:/Laravel_projects/ta-web/vendor/laravel/framework/src/Illuminate/Foundation/Http/Kernel.php(144): Illuminate/Foundation/Http/Kernel->sendRequestThroughRouter(Object(Illuminate/Http/Request))
#65 G:/Laravel_projects/ta-web/public/index.php(48): Illuminate/Foundation/Http/Kernel->handle(Object(Illuminate/Http/Request))
#66 G:/Laravel_projects/ta-web/server.php(21): require_once('G://Laravel_proj...')
#67 {main}
"} 
[2026-01-11 21:36:12] local.ERROR: Cannot declare class App\Models\FrequentlyBoughtProduct, because the name is already in use {"exception":"[object] (Symfony\\Component\\ErrorHandler\\Error\\FatalError(code: 0): Cannot declare class App\\Models\\FrequentlyBoughtProduct, because the name is already in use at G:/Laravel_projects/ta-web/app/Models/FrequentlyBroughtProduct.php:9)
[stacktrace]
#0 {main}
"} 
[2026-01-11 21:37:12] local.ERROR: Cannot declare class App\Models\FrequentlyBoughtProduct, because the name is already in use {"exception":"[object] (Symfony\\Component\\ErrorHandler\\Error\\FatalError(code: 0): Cannot declare class App\\Models\\FrequentlyBoughtProduct, because the name is already in use at G:/Laravel_projects/ta-web/app/Models/FrequentlyBroughtProduct.php:9)
[stacktrace]
#0 {main}
"} 
[2026-01-11 21:38:12] local.ERROR: Cannot declare class App\Models\FrequentlyBoughtProduct, because the name is already in use {"exception":"[object] (Symfony\\Component\\ErrorHandler\\Error\\FatalError(code: 0): Cannot declare class App\\Models\\FrequentlyBoughtProduct, because the name is already in use at G:/Laravel_projects/ta-web/app/Models/FrequentlyBroughtProduct.php:9)
[stacktrace]
#0 {main}
"} 
[2026-01-11 21:39:12] local.ERROR: Cannot declare class App\Models\FrequentlyBoughtProduct, because the name is already in use {"exception":"[object] (Symfony\\Component\\ErrorHandler\\Error\\FatalError(code: 0): Cannot declare class App\\Models\\FrequentlyBoughtProduct, because the name is already in use at G:/Laravel_projects/ta-web/app/Models/FrequentlyBroughtProduct.php:9)
[stacktrace]
#0 {main}
"} 
[2026-01-11 21:40:12] local.ERROR: Cannot declare class App\Models\FrequentlyBoughtProduct, because the name is already in use {"exception":"[object] (Symfony\\Component\\ErrorHandler\\Error\\FatalError(code: 0): Cannot declare class App\\Models\\FrequentlyBoughtProduct, because the name is already in use at G:/Laravel_projects/ta-web/app/Models/FrequentlyBroughtProduct.php:9)
[stacktrace]
#0 {main}
"} 
[2026-01-11 21:41:12] local.ERROR: Cannot declare class App\Models\FrequentlyBoughtProduct, because the name is already in use {"exception":"[object] (Symfony\\Component\\ErrorHandler\\Error\\FatalError(code: 0): Cannot declare class App\\Models\\FrequentlyBoughtProduct, because the name is already in use at G:/Laravel_projects/ta-web/app/Models/FrequentlyBroughtProduct.php:9)
[stacktrace]
#0 {main}
"} 
[2026-01-11 21:42:12] local.ERROR: Cannot declare class App\Models\FrequentlyBoughtProduct, because the name is already in use {"exception":"[object] (Symfony\\Component\\ErrorHandler\\Error\\FatalError(code: 0): Cannot declare class App\\Models\\FrequentlyBoughtProduct, because the name is already in use at G:/Laravel_projects/ta-web/app/Models/FrequentlyBroughtProduct.php:9)
[stacktrace]
#0 {main}
"} 
[2026-01-11 21:43:12] local.ERROR: Cannot declare class App\Models\FrequentlyBoughtProduct, because the name is already in use {"exception":"[object] (Symfony\\Component\\ErrorHandler\\Error\\FatalError(code: 0): Cannot declare class App\\Models\\FrequentlyBoughtProduct, because the name is already in use at G:/Laravel_projects/ta-web/app/Models/FrequentlyBroughtProduct.php:9)
[stacktrace]
#0 {main}
"} 
[2026-01-11 21:44:12] local.ERROR: Cannot declare class App\Models\FrequentlyBoughtProduct, because the name is already in use {"exception":"[object] (Symfony\\Component\\ErrorHandler\\Error\\FatalError(code: 0): Cannot declare class App\\Models\\FrequentlyBoughtProduct, because the name is already in use at G:/Laravel_projects/ta-web/app/Models/FrequentlyBroughtProduct.php:9)
[stacktrace]
#0 {main}
"} 
[2026-01-11 21:45:12] local.ERROR: Cannot declare class App\Models\FrequentlyBoughtProduct, because the name is already in use {"exception":"[object] (Symfony\\Component\\ErrorHandler\\Error\\FatalError(code: 0): Cannot declare class App\\Models\\FrequentlyBoughtProduct, because the name is already in use at G:/Laravel_projects/ta-web/app/Models/FrequentlyBroughtProduct.php:9)
[stacktrace]
#0 {main}
"} 
[2026-01-11 21:46:12] local.ERROR: Cannot declare class App\Models\FrequentlyBoughtProduct, because the name is already in use {"exception":"[object] (Symfony\\Component\\ErrorHandler\\Error\\FatalError(code: 0): Cannot declare class App\\Models\\FrequentlyBoughtProduct, because the name is already in use at G:/Laravel_projects/ta-web/app/Models/FrequentlyBroughtProduct.php:9)
[stacktrace]
#0 {main}
"} 
[2026-01-11 21:47:12] local.ERROR: Cannot declare class App\Models\FrequentlyBoughtProduct, because the name is already in use {"exception":"[object] (Symfony\\Component\\ErrorHandler\\Error\\FatalError(code: 0): Cannot declare class App\\Models\\FrequentlyBoughtProduct, because the name is already in use at G:/Laravel_projects/ta-web/app/Models/FrequentlyBroughtProduct.php:9)
[stacktrace]
#0 {main}
"} 
[2026-01-11 21:48:12] local.ERROR: Cannot declare class App\Models\FrequentlyBoughtProduct, because the name is already in use {"exception":"[object] (Symfony\\Component\\ErrorHandler\\Error\\FatalError(code: 0): Cannot declare class App\\Models\\FrequentlyBoughtProduct, because the name is already in use at G:/Laravel_projects/ta-web/app/Models/FrequentlyBroughtProduct.php:9)
[stacktrace]
#0 {main}
"} 
[2026-01-11 21:49:12] local.ERROR: Cannot declare class App\Models\FrequentlyBoughtProduct, because the name is already in use {"exception":"[object] (Symfony\\Component\\ErrorHandler\\Error\\FatalError(code: 0): Cannot declare class App\\Models\\FrequentlyBoughtProduct, because the name is already in use at G:/Laravel_projects/ta-web/app/Models/FrequentlyBroughtProduct.php:9)
[stacktrace]
#0 {main}
"} 
[2026-01-11 21:50:12] local.ERROR: Cannot declare class App\Models\FrequentlyBoughtProduct, because the name is already in use {"exception":"[object] (Symfony\\Component\\ErrorHandler\\Error\\FatalError(code: 0): Cannot declare class App\\Models\\FrequentlyBoughtProduct, because the name is already in use at G:/Laravel_projects/ta-web/app/Models/FrequentlyBroughtProduct.php:9)
[stacktrace]
#0 {main}
"} 
[2026-01-11 21:51:12] local.ERROR: Cannot declare class App\Models\FrequentlyBoughtProduct, because the name is already in use {"exception":"[object] (Symfony\\Component\\ErrorHandler\\Error\\FatalError(code: 0): Cannot declare class App\\Models\\FrequentlyBoughtProduct, because the name is already in use at G:/Laravel_projects/ta-web/app/Models/FrequentlyBroughtProduct.php:9)
[stacktrace]
#0 {main}
"} 
[2026-01-11 21:52:12] local.ERROR: Cannot declare class App\Models\FrequentlyBoughtProduct, because the name is already in use {"exception":"[object] (Symfony\\Component\\ErrorHandler\\Error\\FatalError(code: 0): Cannot declare class App\\Models\\FrequentlyBoughtProduct, because the name is already in use at G:/Laravel_projects/ta-web/app/Models/FrequentlyBroughtProduct.php:9)
[stacktrace]
#0 {main}
"} 
[2026-01-11 21:53:12] local.ERROR: Cannot declare class App\Models\FrequentlyBoughtProduct, because the name is already in use {"exception":"[object] (Symfony\\Component\\ErrorHandler\\Error\\FatalError(code: 0): Cannot declare class App\\Models\\FrequentlyBoughtProduct, because the name is already in use at G:/Laravel_projects/ta-web/app/Models/FrequentlyBroughtProduct.php:9)
[stacktrace]
#0 {main}
"} 
[2026-01-11 21:54:12] local.ERROR: Cannot declare class App\Models\FrequentlyBoughtProduct, because the name is already in use {"exception":"[object] (Symfony\\Component\\ErrorHandler\\Error\\FatalError(code: 0): Cannot declare class App\\Models\\FrequentlyBoughtProduct, because the name is already in use at G:/Laravel_projects/ta-web/app/Models/FrequentlyBroughtProduct.php:9)
[stacktrace]
#0 {main}
"} 
[2026-01-11 21:55:12] local.ERROR: Cannot declare class App\Models\FrequentlyBoughtProduct, because the name is already in use {"exception":"[object] (Symfony\\Component\\ErrorHandler\\Error\\FatalError(code: 0): Cannot declare class App\\Models\\FrequentlyBoughtProduct, because the name is already in use at G:/Laravel_projects/ta-web/app/Models/FrequentlyBroughtProduct.php:9)
[stacktrace]
#0 {main}
"} 
[2026-01-11 21:56:12] local.ERROR: Cannot declare class App\Models\FrequentlyBoughtProduct, because the name is already in use {"exception":"[object] (Symfony\\Component\\ErrorHandler\\Error\\FatalError(code: 0): Cannot declare class App\\Models\\FrequentlyBoughtProduct, because the name is already in use at G:/Laravel_projects/ta-web/app/Models/FrequentlyBroughtProduct.php:9)
[stacktrace]
#0 {main}
"} 
[2026-01-11 21:57:12] local.ERROR: Cannot declare class App\Models\FrequentlyBoughtProduct, because the name is already in use {"exception":"[object] (Symfony\\Component\\ErrorHandler\\Error\\FatalError(code: 0): Cannot declare class App\\Models\\FrequentlyBoughtProduct, because the name is already in use at G:/Laravel_projects/ta-web/app/Models/FrequentlyBroughtProduct.php:9)
[stacktrace]
#0 {main}
"} 
[2026-01-11 21:58:12] local.ERROR: Cannot declare class App\Models\FrequentlyBoughtProduct, because the name is already in use {"exception":"[object] (Symfony\\Component\\ErrorHandler\\Error\\FatalError(code: 0): Cannot declare class App\\Models\\FrequentlyBoughtProduct, because the name is already in use at G:/Laravel_projects/ta-web/app/Models/FrequentlyBroughtProduct.php:9)
[stacktrace]
#0 {main}
"} 
[2026-01-11 21:59:12] local.ERROR: Cannot declare class App\Models\FrequentlyBoughtProduct, because the name is already in use {"exception":"[object] (Symfony\\Component\\ErrorHandler\\Error\\FatalError(code: 0): Cannot declare class App\\Models\\FrequentlyBoughtProduct, because the name is already in use at G:/Laravel_projects/ta-web/app/Models/FrequentlyBroughtProduct.php:9)
[stacktrace]
#0 {main}
"} 
[2026-01-11 22:00:12] local.ERROR: Cannot declare class App\Models\FrequentlyBoughtProduct, because the name is already in use {"exception":"[object] (Symfony\\Component\\ErrorHandler\\Error\\FatalError(code: 0): Cannot declare class App\\Models\\FrequentlyBoughtProduct, because the name is already in use at G:/Laravel_projects/ta-web/app/Models/FrequentlyBroughtProduct.php:9)
[stacktrace]
#0 {main}
"} 
[2026-01-11 22:01:12] local.ERROR: Cannot declare class App\Models\FrequentlyBoughtProduct, because the name is already in use {"exception":"[object] (Symfony\\Component\\ErrorHandler\\Error\\FatalError(code: 0): Cannot declare class App\\Models\\FrequentlyBoughtProduct, because the name is already in use at G:/Laravel_projects/ta-web/app/Models/FrequentlyBroughtProduct.php:9)
[stacktrace]
#0 {main}
"} 
[2026-01-11 22:02:12] local.ERROR: Cannot declare class App\Models\FrequentlyBoughtProduct, because the name is already in use {"exception":"[object] (Symfony\\Component\\ErrorHandler\\Error\\FatalError(code: 0): Cannot declare class App\\Models\\FrequentlyBoughtProduct, because the name is already in use at G:/Laravel_projects/ta-web/app/Models/FrequentlyBroughtProduct.php:9)
[stacktrace]
#0 {main}
"} 
[2026-01-11 22:03:12] local.ERROR: Cannot declare class App\Models\FrequentlyBoughtProduct, because the name is already in use {"exception":"[object] (Symfony\\Component\\ErrorHandler\\Error\\FatalError(code: 0): Cannot declare class App\\Models\\FrequentlyBoughtProduct, because the name is already in use at G:/Laravel_projects/ta-web/app/Models/FrequentlyBroughtProduct.php:9)
[stacktrace]
#0 {main}
"} 
[2026-01-11 22:04:12] local.ERROR: Cannot declare class App\Models\FrequentlyBoughtProduct, because the name is already in use {"exception":"[object] (Symfony\\Component\\ErrorHandler\\Error\\FatalError(code: 0): Cannot declare class App\\Models\\FrequentlyBoughtProduct, because the name is already in use at G:/Laravel_projects/ta-web/app/Models/FrequentlyBroughtProduct.php:9)
[stacktrace]
#0 {main}
"} 
[2026-01-11 22:05:12] local.ERROR: Cannot declare class App\Models\FrequentlyBoughtProduct, because the name is already in use {"exception":"[object] (Symfony\\Component\\ErrorHandler\\Error\\FatalError(code: 0): Cannot declare class App\\Models\\FrequentlyBoughtProduct, because the name is already in use at G:/Laravel_projects/ta-web/app/Models/FrequentlyBroughtProduct.php:9)
[stacktrace]
#0 {main}
"} 
[2026-01-11 22:06:12] local.ERROR: Cannot declare class App\Models\FrequentlyBoughtProduct, because the name is already in use {"exception":"[object] (Symfony\\Component\\ErrorHandler\\Error\\FatalError(code: 0): Cannot declare class App\\Models\\FrequentlyBoughtProduct, because the name is already in use at G:/Laravel_projects/ta-web/app/Models/FrequentlyBroughtProduct.php:9)
[stacktrace]
#0 {main}
"} 
[2026-01-11 22:07:12] local.ERROR: Cannot declare class App\Models\FrequentlyBoughtProduct, because the name is already in use {"exception":"[object] (Symfony\\Component\\ErrorHandler\\Error\\FatalError(code: 0): Cannot declare class App\\Models\\FrequentlyBoughtProduct, because the name is already in use at G:/Laravel_projects/ta-web/app/Models/FrequentlyBroughtProduct.php:9)
[stacktrace]
#0 {main}
"} 
[2026-01-11 22:08:12] local.ERROR: Cannot declare class App\Models\FrequentlyBoughtProduct, because the name is already in use {"exception":"[object] (Symfony\\Component\\ErrorHandler\\Error\\FatalError(code: 0): Cannot declare class App\\Models\\FrequentlyBoughtProduct, because the name is already in use at G:/Laravel_projects/ta-web/app/Models/FrequentlyBroughtProduct.php:9)
[stacktrace]
#0 {main}
"} 
[2026-01-11 22:09:12] local.ERROR: Cannot declare class App\Models\FrequentlyBoughtProduct, because the name is already in use {"exception":"[object] (Symfony\\Component\\ErrorHandler\\Error\\FatalError(code: 0): Cannot declare class App\\Models\\FrequentlyBoughtProduct, because the name is already in use at G:/Laravel_projects/ta-web/app/Models/FrequentlyBroughtProduct.php:9)
[stacktrace]
#0 {main}
"} 
[2026-01-11 22:10:12] local.ERROR: Cannot declare class App\Models\FrequentlyBoughtProduct, because the name is already in use {"exception":"[object] (Symfony\\Component\\ErrorHandler\\Error\\FatalError(code: 0): Cannot declare class App\\Models\\FrequentlyBoughtProduct, because the name is already in use at G:/Laravel_projects/ta-web/app/Models/FrequentlyBroughtProduct.php:9)
[stacktrace]
#0 {main}
"} 
[2026-01-11 22:11:12] local.ERROR: Cannot declare class App\Models\FrequentlyBoughtProduct, because the name is already in use {"exception":"[object] (Symfony\\Component\\ErrorHandler\\Error\\FatalError(code: 0): Cannot declare class App\\Models\\FrequentlyBoughtProduct, because the name is already in use at G:/Laravel_projects/ta-web/app/Models/FrequentlyBroughtProduct.php:9)
[stacktrace]
#0 {main}
"} 
[2026-01-11 22:12:12] local.ERROR: Cannot declare class App\Models\FrequentlyBoughtProduct, because the name is already in use {"exception":"[object] (Symfony\\Component\\ErrorHandler\\Error\\FatalError(code: 0): Cannot declare class App\\Models\\FrequentlyBoughtProduct, because the name is already in use at G:/Laravel_projects/ta-web/app/Models/FrequentlyBroughtProduct.php:9)
[stacktrace]
#0 {main}
"} 
[2026-01-11 22:13:12] local.ERROR: Cannot declare class App\Models\FrequentlyBoughtProduct, because the name is already in use {"exception":"[object] (Symfony\\Component\\ErrorHandler\\Error\\FatalError(code: 0): Cannot declare class App\\Models\\FrequentlyBoughtProduct, because the name is already in use at G:/Laravel_projects/ta-web/app/Models/FrequentlyBroughtProduct.php:9)
[stacktrace]
#0 {main}
"} 
[2026-01-11 22:14:12] local.ERROR: Cannot declare class App\Models\FrequentlyBoughtProduct, because the name is already in use {"exception":"[object] (Symfony\\Component\\ErrorHandler\\Error\\FatalError(code: 0): Cannot declare class App\\Models\\FrequentlyBoughtProduct, because the name is already in use at G:/Laravel_projects/ta-web/app/Models/FrequentlyBroughtProduct.php:9)
[stacktrace]
#0 {main}
"} 
[2026-01-11 22:15:12] local.ERROR: Cannot declare class App\Models\FrequentlyBoughtProduct, because the name is already in use {"exception":"[object] (Symfony\\Component\\ErrorHandler\\Error\\FatalError(code: 0): Cannot declare class App\\Models\\FrequentlyBoughtProduct, because the name is already in use at G:/Laravel_projects/ta-web/app/Models/FrequentlyBroughtProduct.php:9)
[stacktrace]
#0 {main}
"} 
[2026-01-11 22:16:12] local.ERROR: Cannot declare class App\Models\FrequentlyBoughtProduct, because the name is already in use {"exception":"[object] (Symfony\\Component\\ErrorHandler\\Error\\FatalError(code: 0): Cannot declare class App\\Models\\FrequentlyBoughtProduct, because the name is already in use at G:/Laravel_projects/ta-web/app/Models/FrequentlyBroughtProduct.php:9)
[stacktrace]
#0 {main}
"} 
[2026-01-11 22:17:12] local.ERROR: Cannot declare class App\Models\FrequentlyBoughtProduct, because the name is already in use {"exception":"[object] (Symfony\\Component\\ErrorHandler\\Error\\FatalError(code: 0): Cannot declare class App\\Models\\FrequentlyBoughtProduct, because the name is already in use at G:/Laravel_projects/ta-web/app/Models/FrequentlyBroughtProduct.php:9)
[stacktrace]
#0 {main}
"} 
[2026-01-11 22:18:12] local.ERROR: Cannot declare class App\Models\FrequentlyBoughtProduct, because the name is already in use {"exception":"[object] (Symfony\\Component\\ErrorHandler\\Error\\FatalError(code: 0): Cannot declare class App\\Models\\FrequentlyBoughtProduct, because the name is already in use at G:/Laravel_projects/ta-web/app/Models/FrequentlyBroughtProduct.php:9)
[stacktrace]
#0 {main}
"} 
[2026-01-11 22:19:12] local.ERROR: Cannot declare class App\Models\FrequentlyBoughtProduct, because the name is already in use {"exception":"[object] (Symfony\\Component\\ErrorHandler\\Error\\FatalError(code: 0): Cannot declare class App\\Models\\FrequentlyBoughtProduct, because the name is already in use at G:/Laravel_projects/ta-web/app/Models/FrequentlyBroughtProduct.php:9)
[stacktrace]
#0 {main}
"} 
[2026-01-11 22:20:12] local.ERROR: Cannot declare class App\Models\FrequentlyBoughtProduct, because the name is already in use {"exception":"[object] (Symfony\\Component\\ErrorHandler\\Error\\FatalError(code: 0): Cannot declare class App\\Models\\FrequentlyBoughtProduct, because the name is already in use at G:/Laravel_projects/ta-web/app/Models/FrequentlyBroughtProduct.php:9)
[stacktrace]
#0 {main}
"} 
[2026-01-11 22:21:12] local.ERROR: Cannot declare class App\Models\FrequentlyBoughtProduct, because the name is already in use {"exception":"[object] (Symfony\\Component\\ErrorHandler\\Error\\FatalError(code: 0): Cannot declare class App\\Models\\FrequentlyBoughtProduct, because the name is already in use at G:/Laravel_projects/ta-web/app/Models/FrequentlyBroughtProduct.php:9)
[stacktrace]
#0 {main}
"} 
[2026-01-11 22:22:12] local.ERROR: Cannot declare class App\Models\FrequentlyBoughtProduct, because the name is already in use {"exception":"[object] (Symfony\\Component\\ErrorHandler\\Error\\FatalError(code: 0): Cannot declare class App\\Models\\FrequentlyBoughtProduct, because the name is already in use at G:/Laravel_projects/ta-web/app/Models/FrequentlyBroughtProduct.php:9)
[stacktrace]
#0 {main}
"} 
[2026-01-11 22:23:12] local.ERROR: Cannot declare class App\Models\FrequentlyBoughtProduct, because the name is already in use {"exception":"[object] (Symfony\\Component\\ErrorHandler\\Error\\FatalError(code: 0): Cannot declare class App\\Models\\FrequentlyBoughtProduct, because the name is already in use at G:/Laravel_projects/ta-web/app/Models/FrequentlyBroughtProduct.php:9)
[stacktrace]
#0 {main}
"} 
[2026-01-11 22:24:12] local.ERROR: Cannot declare class App\Models\FrequentlyBoughtProduct, because the name is already in use {"exception":"[object] (Symfony\\Component\\ErrorHandler\\Error\\FatalError(code: 0): Cannot declare class App\\Models\\FrequentlyBoughtProduct, because the name is already in use at G:/Laravel_projects/ta-web/app/Models/FrequentlyBroughtProduct.php:9)
[stacktrace]
#0 {main}
"} 
[2026-01-11 22:25:12] local.ERROR: Cannot declare class App\Models\FrequentlyBoughtProduct, because the name is already in use {"exception":"[object] (Symfony\\Component\\ErrorHandler\\Error\\FatalError(code: 0): Cannot declare class App\\Models\\FrequentlyBoughtProduct, because the name is already in use at G:/Laravel_projects/ta-web/app/Models/FrequentlyBroughtProduct.php:9)
[stacktrace]
#0 {main}
"} 
[2026-01-11 22:26:12] local.ERROR: Cannot declare class App\Models\FrequentlyBoughtProduct, because the name is already in use {"exception":"[object] (Symfony\\Component\\ErrorHandler\\Error\\FatalError(code: 0): Cannot declare class App\\Models\\FrequentlyBoughtProduct, because the name is already in use at G:/Laravel_projects/ta-web/app/Models/FrequentlyBroughtProduct.php:9)
[stacktrace]
#0 {main}
"} 
[2026-01-11 22:27:12] local.ERROR: Cannot declare class App\Models\FrequentlyBoughtProduct, because the name is already in use {"exception":"[object] (Symfony\\Component\\ErrorHandler\\Error\\FatalError(code: 0): Cannot declare class App\\Models\\FrequentlyBoughtProduct, because the name is already in use at G:/Laravel_projects/ta-web/app/Models/FrequentlyBroughtProduct.php:9)
[stacktrace]
#0 {main}
"} 
[2026-01-11 22:28:12] local.ERROR: Cannot declare class App\Models\FrequentlyBoughtProduct, because the name is already in use {"exception":"[object] (Symfony\\Component\\ErrorHandler\\Error\\FatalError(code: 0): Cannot declare class App\\Models\\FrequentlyBoughtProduct, because the name is already in use at G:/Laravel_projects/ta-web/app/Models/FrequentlyBroughtProduct.php:9)
[stacktrace]
#0 {main}
"} 
[2026-01-11 22:29:12] local.ERROR: Cannot declare class App\Models\FrequentlyBoughtProduct, because the name is already in use {"exception":"[object] (Symfony\\Component\\ErrorHandler\\Error\\FatalError(code: 0): Cannot declare class App\\Models\\FrequentlyBoughtProduct, because the name is already in use at G:/Laravel_projects/ta-web/app/Models/FrequentlyBroughtProduct.php:9)
[stacktrace]
#0 {main}
"} 
[2026-01-11 22:30:12] local.ERROR: Cannot declare class App\Models\FrequentlyBoughtProduct, because the name is already in use {"exception":"[object] (Symfony\\Component\\ErrorHandler\\Error\\FatalError(code: 0): Cannot declare class App\\Models\\FrequentlyBoughtProduct, because the name is already in use at G:/Laravel_projects/ta-web/app/Models/FrequentlyBroughtProduct.php:9)
[stacktrace]
#0 {main}
"} 
[2026-01-11 22:31:12] local.ERROR: Cannot declare class App\Models\FrequentlyBoughtProduct, because the name is already in use {"exception":"[object] (Symfony\\Component\\ErrorHandler\\Error\\FatalError(code: 0): Cannot declare class App\\Models\\FrequentlyBoughtProduct, because the name is already in use at G:/Laravel_projects/ta-web/app/Models/FrequentlyBroughtProduct.php:9)
[stacktrace]
#0 {main}
"} 
[2026-01-11 22:32:12] local.ERROR: Cannot declare class App\Models\FrequentlyBoughtProduct, because the name is already in use {"exception":"[object] (Symfony\\Component\\ErrorHandler\\Error\\FatalError(code: 0): Cannot declare class App\\Models\\FrequentlyBoughtProduct, because the name is already in use at G:/Laravel_projects/ta-web/app/Models/FrequentlyBroughtProduct.php:9)
[stacktrace]
#0 {main}
"} 
[2026-01-11 22:33:12] local.ERROR: Cannot declare class App\Models\FrequentlyBoughtProduct, because the name is already in use {"exception":"[object] (Symfony\\Component\\ErrorHandler\\Error\\FatalError(code: 0): Cannot declare class App\\Models\\FrequentlyBoughtProduct, because the name is already in use at G:/Laravel_projects/ta-web/app/Models/FrequentlyBroughtProduct.php:9)
[stacktrace]
#0 {main}
"} 
[2026-01-11 22:34:12] local.ERROR: Cannot declare class App\Models\FrequentlyBoughtProduct, because the name is already in use {"exception":"[object] (Symfony\\Component\\ErrorHandler\\Error\\FatalError(code: 0): Cannot declare class App\\Models\\FrequentlyBoughtProduct, because the name is already in use at G:/Laravel_projects/ta-web/app/Models/FrequentlyBroughtProduct.php:9)
[stacktrace]
#0 {main}
"} 
[2026-01-11 22:35:12] local.ERROR: Cannot declare class App\Models\FrequentlyBoughtProduct, because the name is already in use {"exception":"[object] (Symfony\\Component\\ErrorHandler\\Error\\FatalError(code: 0): Cannot declare class App\\Models\\FrequentlyBoughtProduct, because the name is already in use at G:/Laravel_projects/ta-web/app/Models/FrequentlyBroughtProduct.php:9)
[stacktrace]
#0 {main}
"} 
[2026-01-11 22:36:12] local.ERROR: Cannot declare class App\Models\FrequentlyBoughtProduct, because the name is already in use {"exception":"[object] (Symfony\\Component\\ErrorHandler\\Error\\FatalError(code: 0): Cannot declare class App\\Models\\FrequentlyBoughtProduct, because the name is already in use at G:/Laravel_projects/ta-web/app/Models/FrequentlyBroughtProduct.php:9)
[stacktrace]
#0 {main}
"} 
[2026-01-11 22:37:12] local.ERROR: Cannot declare class App\Models\FrequentlyBoughtProduct, because the name is already in use {"exception":"[object] (Symfony\\Component\\ErrorHandler\\Error\\FatalError(code: 0): Cannot declare class App\\Models\\FrequentlyBoughtProduct, because the name is already in use at G:/Laravel_projects/ta-web/app/Models/FrequentlyBroughtProduct.php:9)
[stacktrace]
#0 {main}
"} 
[2026-01-11 22:38:12] local.ERROR: Cannot declare class App\Models\FrequentlyBoughtProduct, because the name is already in use {"exception":"[object] (Symfony\\Component\\ErrorHandler\\Error\\FatalError(code: 0): Cannot declare class App\\Models\\FrequentlyBoughtProduct, because the name is already in use at G:/Laravel_projects/ta-web/app/Models/FrequentlyBroughtProduct.php:9)
[stacktrace]
#0 {main}
"} 
